The system is: Linux - 3.10.0-1127.el7.x86_64 - x86_64
Compiling the C compiler identification source file "CMakeCCompilerId.c" succeeded.
Compiler: /usr/local/gcc/7.2.0/bin/gcc 
Build flags: 
Id flags:  

The output was:
0


Compilation of the C compiler identification source "CMakeCCompilerId.c" produced "a.out"

The C compiler identification is GNU, found in "/home/jiaweid3/sortproject/CMakeFiles/3.18.4/CompilerIdC/a.out"

Compiling the CXX compiler identification source file "CMakeCXXCompilerId.cpp" succeeded.
Compiler: /usr/local/gcc/7.2.0/bin/c++ 
Build flags: 
Id flags:  

The output was:
0


Compilation of the CXX compiler identification source "CMakeCXXCompilerId.cpp" produced "a.out"

The CXX compiler identification is GNU, found in "/home/jiaweid3/sortproject/CMakeFiles/3.18.4/CompilerIdCXX/a.out"

Detecting C compiler ABI info compiled with the following output:
Change Dir: /home/jiaweid3/sortproject/CMakeFiles/CMakeTmp

Run Build Command(s):/usr/bin/gmake cmTC_ec673/fast && /usr/bin/gmake  -f CMakeFiles/cmTC_ec673.dir/build.make CMakeFiles/cmTC_ec673.dir/build
gmake[1]: Entering directory `/home/jiaweid3/sortproject/CMakeFiles/CMakeTmp'
Building C object CMakeFiles/cmTC_ec673.dir/CMakeCCompilerABI.c.o
/usr/local/gcc/7.2.0/bin/gcc   -v -o CMakeFiles/cmTC_ec673.dir/CMakeCCompilerABI.c.o -c /usr/local/cmake/3.18.4/share/cmake-3.18/Modules/CMakeCCompilerABI.c
Using built-in specs.
COLLECT_GCC=/usr/local/gcc/7.2.0/bin/gcc
Target: x86_64-pc-linux-gnu
Configured with: ../gcc-7.2.0/configure --with-gmp=/usr/local/gmp/6.1.0 --with-mpfr=/usr/local/mpfr/3.1.4 --with-mpc=/usr/local/mpc/1.0.3 --with-cloog=/usr/local/cloog/ --with-isl=/usr/local/isl/0.16.1 --enable-cloog-backend=isl --prefix=/usr/local/gcc/7.2.0
Thread model: posix
gcc version 7.2.0 (GCC) 
COLLECT_GCC_OPTIONS='-v' '-o' 'CMakeFiles/cmTC_ec673.dir/CMakeCCompilerABI.c.o' '-c' '-mtune=generic' '-march=x86-64'
 /usr/local/gcc/7.2.0/libexec/gcc/x86_64-pc-linux-gnu/7.2.0/cc1 -quiet -v /usr/local/cmake/3.18.4/share/cmake-3.18/Modules/CMakeCCompilerABI.c -quiet -dumpbase CMakeCCompilerABI.c -mtune=generic -march=x86-64 -auxbase-strip CMakeFiles/cmTC_ec673.dir/CMakeCCompilerABI.c.o -version -o /tmp/cceTKFMT.s
GNU C11 (GCC) version 7.2.0 (x86_64-pc-linux-gnu)
	compiled by GNU C version 7.2.0, GMP version 6.1.0, MPFR version 3.1.4, MPC version 1.0.3, isl version isl-0.16.1-GMP

GGC heuristics: --param ggc-min-expand=100 --param ggc-min-heapsize=131072
ignoring nonexistent directory "/usr/local/include"
ignoring nonexistent directory "/usr/local/gcc/7.2.0/lib/gcc/x86_64-pc-linux-gnu/7.2.0/../../../../x86_64-pc-linux-gnu/include"
ignoring duplicate directory "/usr/local/gcc/7.2.0/include"
  as it is a non-system directory that duplicates a system directory
#include "..." search starts here:
#include <...> search starts here:
 /usr/local/slurm/20.11.3/include
 /usr/local/gcc/7.2.0/lib/gcc/x86_64-pc-linux-gnu/7.2.0/include
 /usr/local/gcc/7.2.0/include
 /usr/local/gcc/7.2.0/lib/gcc/x86_64-pc-linux-gnu/7.2.0/include-fixed
 /usr/include
End of search list.
GNU C11 (GCC) version 7.2.0 (x86_64-pc-linux-gnu)
	compiled by GNU C version 7.2.0, GMP version 6.1.0, MPFR version 3.1.4, MPC version 1.0.3, isl version isl-0.16.1-GMP

GGC heuristics: --param ggc-min-expand=100 --param ggc-min-heapsize=131072
Compiler executable checksum: 7bdb2c9e29af97bc037104e2d31ef8af
COLLECT_GCC_OPTIONS='-v' '-o' 'CMakeFiles/cmTC_ec673.dir/CMakeCCompilerABI.c.o' '-c' '-mtune=generic' '-march=x86-64'
 as -v --64 -o CMakeFiles/cmTC_ec673.dir/CMakeCCompilerABI.c.o /tmp/cceTKFMT.s
GNU assembler version 2.27 (x86_64-redhat-linux) using BFD version version 2.27-43.base.el7
COMPILER_PATH=/usr/local/gcc/7.2.0/libexec/gcc/x86_64-pc-linux-gnu/7.2.0/:/usr/local/gcc/7.2.0/libexec/gcc/x86_64-pc-linux-gnu/7.2.0/:/usr/local/gcc/7.2.0/libexec/gcc/x86_64-pc-linux-gnu/:/usr/local/gcc/7.2.0/lib/gcc/x86_64-pc-linux-gnu/7.2.0/:/usr/local/gcc/7.2.0/lib/gcc/x86_64-pc-linux-gnu/
LIBRARY_PATH=/usr/local/gcc/7.2.0/lib64/../lib64/:/usr/local/gcc/7.2.0/lib/../lib64/:/usr/local/gcc/7.2.0/lib/gcc/x86_64-pc-linux-gnu/7.2.0/:/usr/local/gcc/7.2.0/lib/gcc/x86_64-pc-linux-gnu/7.2.0/../../../../lib64/:/lib/../lib64/:/usr/lib/../lib64/:/usr/local/gcc/7.2.0/lib64/:/usr/local/gcc/7.2.0/lib/:/usr/local/gcc/7.2.0/lib/gcc/x86_64-pc-linux-gnu/7.2.0/../../../:/lib/:/usr/lib/
COLLECT_GCC_OPTIONS='-v' '-o' 'CMakeFiles/cmTC_ec673.dir/CMakeCCompilerABI.c.o' '-c' '-mtune=generic' '-march=x86-64'
Linking C executable cmTC_ec673
/usr/local/cmake/3.18.4/bin/cmake -E cmake_link_script CMakeFiles/cmTC_ec673.dir/link.txt --verbose=1
/usr/local/gcc/7.2.0/bin/gcc  -v CMakeFiles/cmTC_ec673.dir/CMakeCCompilerABI.c.o -o cmTC_ec673 
Using built-in specs.
COLLECT_GCC=/usr/local/gcc/7.2.0/bin/gcc
COLLECT_LTO_WRAPPER=/usr/local/gcc/7.2.0/libexec/gcc/x86_64-pc-linux-gnu/7.2.0/lto-wrapper
Target: x86_64-pc-linux-gnu
Configured with: ../gcc-7.2.0/configure --with-gmp=/usr/local/gmp/6.1.0 --with-mpfr=/usr/local/mpfr/3.1.4 --with-mpc=/usr/local/mpc/1.0.3 --with-cloog=/usr/local/cloog/ --with-isl=/usr/local/isl/0.16.1 --enable-cloog-backend=isl --prefix=/usr/local/gcc/7.2.0
Thread model: posix
gcc version 7.2.0 (GCC) 
COMPILER_PATH=/usr/local/gcc/7.2.0/libexec/gcc/x86_64-pc-linux-gnu/7.2.0/:/usr/local/gcc/7.2.0/libexec/gcc/x86_64-pc-linux-gnu/7.2.0/:/usr/local/gcc/7.2.0/libexec/gcc/x86_64-pc-linux-gnu/:/usr/local/gcc/7.2.0/lib/gcc/x86_64-pc-linux-gnu/7.2.0/:/usr/local/gcc/7.2.0/lib/gcc/x86_64-pc-linux-gnu/
LIBRARY_PATH=/usr/local/gcc/7.2.0/lib64/../lib64/:/usr/local/gcc/7.2.0/lib/../lib64/:/usr/local/gcc/7.2.0/lib/gcc/x86_64-pc-linux-gnu/7.2.0/:/usr/local/gcc/7.2.0/lib/gcc/x86_64-pc-linux-gnu/7.2.0/../../../../lib64/:/lib/../lib64/:/usr/lib/../lib64/:/usr/local/gcc/7.2.0/lib64/:/usr/local/gcc/7.2.0/lib/:/usr/local/gcc/7.2.0/lib/gcc/x86_64-pc-linux-gnu/7.2.0/../../../:/lib/:/usr/lib/
COLLECT_GCC_OPTIONS='-v' '-o' 'cmTC_ec673' '-mtune=generic' '-march=x86-64'
 /usr/local/gcc/7.2.0/libexec/gcc/x86_64-pc-linux-gnu/7.2.0/collect2 -plugin /usr/local/gcc/7.2.0/libexec/gcc/x86_64-pc-linux-gnu/7.2.0/liblto_plugin.so -plugin-opt=/usr/local/gcc/7.2.0/libexec/gcc/x86_64-pc-linux-gnu/7.2.0/lto-wrapper -plugin-opt=-fresolution=/tmp/cc9swURY.res -plugin-opt=-pass-through=-lgcc -plugin-opt=-pass-through=-lgcc_s -plugin-opt=-pass-through=-lc -plugin-opt=-pass-through=-lgcc -plugin-opt=-pass-through=-lgcc_s --eh-frame-hdr -m elf_x86_64 -dynamic-linker /lib64/ld-linux-x86-64.so.2 -o cmTC_ec673 /lib/../lib64/crt1.o /lib/../lib64/crti.o /usr/local/gcc/7.2.0/lib/gcc/x86_64-pc-linux-gnu/7.2.0/crtbegin.o -L/usr/local/gcc/7.2.0/lib64/../lib64 -L/usr/local/gcc/7.2.0/lib/../lib64 -L/usr/local/gcc/7.2.0/lib/gcc/x86_64-pc-linux-gnu/7.2.0 -L/usr/local/gcc/7.2.0/lib/gcc/x86_64-pc-linux-gnu/7.2.0/../../../../lib64 -L/lib/../lib64 -L/usr/lib/../lib64 -L/usr/local/gcc/7.2.0/lib64 -L/usr/local/gcc/7.2.0/lib -L/usr/local/gcc/7.2.0/lib/gcc/x86_64-pc-linux-gnu/7.2.0/../../.. CMakeFiles/cmTC_ec673.dir/CMakeCCompilerABI.c.o -lgcc --as-needed -lgcc_s --no-as-needed -lc -lgcc --as-needed -lgcc_s --no-as-needed /usr/local/gcc/7.2.0/lib/gcc/x86_64-pc-linux-gnu/7.2.0/crtend.o /lib/../lib64/crtn.o
COLLECT_GCC_OPTIONS='-v' '-o' 'cmTC_ec673' '-mtune=generic' '-march=x86-64'
gmake[1]: Leaving directory `/home/jiaweid3/sortproject/CMakeFiles/CMakeTmp'



Parsed C implicit include dir info from above output: rv=done
  found start of include info
  found start of implicit include info
    add: [/usr/local/slurm/20.11.3/include]
    add: [/usr/local/gcc/7.2.0/lib/gcc/x86_64-pc-linux-gnu/7.2.0/include]
    add: [/usr/local/gcc/7.2.0/include]
    add: [/usr/local/gcc/7.2.0/lib/gcc/x86_64-pc-linux-gnu/7.2.0/include-fixed]
    add: [/usr/include]
  end of search list found
  collapse include dir [/usr/local/slurm/20.11.3/include] ==> [/usr/local/slurm/20.11.3/include]
  collapse include dir [/usr/local/gcc/7.2.0/lib/gcc/x86_64-pc-linux-gnu/7.2.0/include] ==> [/usr/local/gcc/7.2.0/lib/gcc/x86_64-pc-linux-gnu/7.2.0/include]
  collapse include dir [/usr/local/gcc/7.2.0/include] ==> [/usr/local/gcc/7.2.0/include]
  collapse include dir [/usr/local/gcc/7.2.0/lib/gcc/x86_64-pc-linux-gnu/7.2.0/include-fixed] ==> [/usr/local/gcc/7.2.0/lib/gcc/x86_64-pc-linux-gnu/7.2.0/include-fixed]
  collapse include dir [/usr/include] ==> [/usr/include]
  implicit include dirs: [/usr/local/slurm/20.11.3/include;/usr/local/gcc/7.2.0/lib/gcc/x86_64-pc-linux-gnu/7.2.0/include;/usr/local/gcc/7.2.0/include;/usr/local/gcc/7.2.0/lib/gcc/x86_64-pc-linux-gnu/7.2.0/include-fixed;/usr/include]


Parsed C implicit link information from above output:
  link line regex: [^( *|.*[/\])(ld|CMAKE_LINK_STARTFILE-NOTFOUND|([^/\]+-)?ld|collect2)[^/\]*( |$)]
  ignore line: [Change Dir: /home/jiaweid3/sortproject/CMakeFiles/CMakeTmp]
  ignore line: []
  ignore line: [Run Build Command(s):/usr/bin/gmake cmTC_ec673/fast && /usr/bin/gmake  -f CMakeFiles/cmTC_ec673.dir/build.make CMakeFiles/cmTC_ec673.dir/build]
  ignore line: [gmake[1]: Entering directory `/home/jiaweid3/sortproject/CMakeFiles/CMakeTmp']
  ignore line: [Building C object CMakeFiles/cmTC_ec673.dir/CMakeCCompilerABI.c.o]
  ignore line: [/usr/local/gcc/7.2.0/bin/gcc   -v -o CMakeFiles/cmTC_ec673.dir/CMakeCCompilerABI.c.o -c /usr/local/cmake/3.18.4/share/cmake-3.18/Modules/CMakeCCompilerABI.c]
  ignore line: [Using built-in specs.]
  ignore line: [COLLECT_GCC=/usr/local/gcc/7.2.0/bin/gcc]
  ignore line: [Target: x86_64-pc-linux-gnu]
  ignore line: [Configured with: ../gcc-7.2.0/configure --with-gmp=/usr/local/gmp/6.1.0 --with-mpfr=/usr/local/mpfr/3.1.4 --with-mpc=/usr/local/mpc/1.0.3 --with-cloog=/usr/local/cloog/ --with-isl=/usr/local/isl/0.16.1 --enable-cloog-backend=isl --prefix=/usr/local/gcc/7.2.0]
  ignore line: [Thread model: posix]
  ignore line: [gcc version 7.2.0 (GCC) ]
  ignore line: [COLLECT_GCC_OPTIONS='-v' '-o' 'CMakeFiles/cmTC_ec673.dir/CMakeCCompilerABI.c.o' '-c' '-mtune=generic' '-march=x86-64']
  ignore line: [ /usr/local/gcc/7.2.0/libexec/gcc/x86_64-pc-linux-gnu/7.2.0/cc1 -quiet -v /usr/local/cmake/3.18.4/share/cmake-3.18/Modules/CMakeCCompilerABI.c -quiet -dumpbase CMakeCCompilerABI.c -mtune=generic -march=x86-64 -auxbase-strip CMakeFiles/cmTC_ec673.dir/CMakeCCompilerABI.c.o -version -o /tmp/cceTKFMT.s]
  ignore line: [GNU C11 (GCC) version 7.2.0 (x86_64-pc-linux-gnu)]
  ignore line: [	compiled by GNU C version 7.2.0  GMP version 6.1.0  MPFR version 3.1.4  MPC version 1.0.3  isl version isl-0.16.1-GMP]
  ignore line: []
  ignore line: [GGC heuristics: --param ggc-min-expand=100 --param ggc-min-heapsize=131072]
  ignore line: [ignoring nonexistent directory "/usr/local/include"]
  ignore line: [ignoring nonexistent directory "/usr/local/gcc/7.2.0/lib/gcc/x86_64-pc-linux-gnu/7.2.0/../../../../x86_64-pc-linux-gnu/include"]
  ignore line: [ignoring duplicate directory "/usr/local/gcc/7.2.0/include"]
  ignore line: [  as it is a non-system directory that duplicates a system directory]
  ignore line: [#include "..." search starts here:]
  ignore line: [#include <...> search starts here:]
  ignore line: [ /usr/local/slurm/20.11.3/include]
  ignore line: [ /usr/local/gcc/7.2.0/lib/gcc/x86_64-pc-linux-gnu/7.2.0/include]
  ignore line: [ /usr/local/gcc/7.2.0/include]
  ignore line: [ /usr/local/gcc/7.2.0/lib/gcc/x86_64-pc-linux-gnu/7.2.0/include-fixed]
  ignore line: [ /usr/include]
  ignore line: [End of search list.]
  ignore line: [GNU C11 (GCC) version 7.2.0 (x86_64-pc-linux-gnu)]
  ignore line: [	compiled by GNU C version 7.2.0  GMP version 6.1.0  MPFR version 3.1.4  MPC version 1.0.3  isl version isl-0.16.1-GMP]
  ignore line: []
  ignore line: [GGC heuristics: --param ggc-min-expand=100 --param ggc-min-heapsize=131072]
  ignore line: [Compiler executable checksum: 7bdb2c9e29af97bc037104e2d31ef8af]
  ignore line: [COLLECT_GCC_OPTIONS='-v' '-o' 'CMakeFiles/cmTC_ec673.dir/CMakeCCompilerABI.c.o' '-c' '-mtune=generic' '-march=x86-64']
  ignore line: [ as -v --64 -o CMakeFiles/cmTC_ec673.dir/CMakeCCompilerABI.c.o /tmp/cceTKFMT.s]
  ignore line: [GNU assembler version 2.27 (x86_64-redhat-linux) using BFD version version 2.27-43.base.el7]
  ignore line: [COMPILER_PATH=/usr/local/gcc/7.2.0/libexec/gcc/x86_64-pc-linux-gnu/7.2.0/:/usr/local/gcc/7.2.0/libexec/gcc/x86_64-pc-linux-gnu/7.2.0/:/usr/local/gcc/7.2.0/libexec/gcc/x86_64-pc-linux-gnu/:/usr/local/gcc/7.2.0/lib/gcc/x86_64-pc-linux-gnu/7.2.0/:/usr/local/gcc/7.2.0/lib/gcc/x86_64-pc-linux-gnu/]
  ignore line: [LIBRARY_PATH=/usr/local/gcc/7.2.0/lib64/../lib64/:/usr/local/gcc/7.2.0/lib/../lib64/:/usr/local/gcc/7.2.0/lib/gcc/x86_64-pc-linux-gnu/7.2.0/:/usr/local/gcc/7.2.0/lib/gcc/x86_64-pc-linux-gnu/7.2.0/../../../../lib64/:/lib/../lib64/:/usr/lib/../lib64/:/usr/local/gcc/7.2.0/lib64/:/usr/local/gcc/7.2.0/lib/:/usr/local/gcc/7.2.0/lib/gcc/x86_64-pc-linux-gnu/7.2.0/../../../:/lib/:/usr/lib/]
  ignore line: [COLLECT_GCC_OPTIONS='-v' '-o' 'CMakeFiles/cmTC_ec673.dir/CMakeCCompilerABI.c.o' '-c' '-mtune=generic' '-march=x86-64']
  ignore line: [Linking C executable cmTC_ec673]
  ignore line: [/usr/local/cmake/3.18.4/bin/cmake -E cmake_link_script CMakeFiles/cmTC_ec673.dir/link.txt --verbose=1]
  ignore line: [/usr/local/gcc/7.2.0/bin/gcc  -v CMakeFiles/cmTC_ec673.dir/CMakeCCompilerABI.c.o -o cmTC_ec673 ]
  ignore line: [Using built-in specs.]
  ignore line: [COLLECT_GCC=/usr/local/gcc/7.2.0/bin/gcc]
  ignore line: [COLLECT_LTO_WRAPPER=/usr/local/gcc/7.2.0/libexec/gcc/x86_64-pc-linux-gnu/7.2.0/lto-wrapper]
  ignore line: [Target: x86_64-pc-linux-gnu]
  ignore line: [Configured with: ../gcc-7.2.0/configure --with-gmp=/usr/local/gmp/6.1.0 --with-mpfr=/usr/local/mpfr/3.1.4 --with-mpc=/usr/local/mpc/1.0.3 --with-cloog=/usr/local/cloog/ --with-isl=/usr/local/isl/0.16.1 --enable-cloog-backend=isl --prefix=/usr/local/gcc/7.2.0]
  ignore line: [Thread model: posix]
  ignore line: [gcc version 7.2.0 (GCC) ]
  ignore line: [COMPILER_PATH=/usr/local/gcc/7.2.0/libexec/gcc/x86_64-pc-linux-gnu/7.2.0/:/usr/local/gcc/7.2.0/libexec/gcc/x86_64-pc-linux-gnu/7.2.0/:/usr/local/gcc/7.2.0/libexec/gcc/x86_64-pc-linux-gnu/:/usr/local/gcc/7.2.0/lib/gcc/x86_64-pc-linux-gnu/7.2.0/:/usr/local/gcc/7.2.0/lib/gcc/x86_64-pc-linux-gnu/]
  ignore line: [LIBRARY_PATH=/usr/local/gcc/7.2.0/lib64/../lib64/:/usr/local/gcc/7.2.0/lib/../lib64/:/usr/local/gcc/7.2.0/lib/gcc/x86_64-pc-linux-gnu/7.2.0/:/usr/local/gcc/7.2.0/lib/gcc/x86_64-pc-linux-gnu/7.2.0/../../../../lib64/:/lib/../lib64/:/usr/lib/../lib64/:/usr/local/gcc/7.2.0/lib64/:/usr/local/gcc/7.2.0/lib/:/usr/local/gcc/7.2.0/lib/gcc/x86_64-pc-linux-gnu/7.2.0/../../../:/lib/:/usr/lib/]
  ignore line: [COLLECT_GCC_OPTIONS='-v' '-o' 'cmTC_ec673' '-mtune=generic' '-march=x86-64']
  link line: [ /usr/local/gcc/7.2.0/libexec/gcc/x86_64-pc-linux-gnu/7.2.0/collect2 -plugin /usr/local/gcc/7.2.0/libexec/gcc/x86_64-pc-linux-gnu/7.2.0/liblto_plugin.so -plugin-opt=/usr/local/gcc/7.2.0/libexec/gcc/x86_64-pc-linux-gnu/7.2.0/lto-wrapper -plugin-opt=-fresolution=/tmp/cc9swURY.res -plugin-opt=-pass-through=-lgcc -plugin-opt=-pass-through=-lgcc_s -plugin-opt=-pass-through=-lc -plugin-opt=-pass-through=-lgcc -plugin-opt=-pass-through=-lgcc_s --eh-frame-hdr -m elf_x86_64 -dynamic-linker /lib64/ld-linux-x86-64.so.2 -o cmTC_ec673 /lib/../lib64/crt1.o /lib/../lib64/crti.o /usr/local/gcc/7.2.0/lib/gcc/x86_64-pc-linux-gnu/7.2.0/crtbegin.o -L/usr/local/gcc/7.2.0/lib64/../lib64 -L/usr/local/gcc/7.2.0/lib/../lib64 -L/usr/local/gcc/7.2.0/lib/gcc/x86_64-pc-linux-gnu/7.2.0 -L/usr/local/gcc/7.2.0/lib/gcc/x86_64-pc-linux-gnu/7.2.0/../../../../lib64 -L/lib/../lib64 -L/usr/lib/../lib64 -L/usr/local/gcc/7.2.0/lib64 -L/usr/local/gcc/7.2.0/lib -L/usr/local/gcc/7.2.0/lib/gcc/x86_64-pc-linux-gnu/7.2.0/../../.. CMakeFiles/cmTC_ec673.dir/CMakeCCompilerABI.c.o -lgcc --as-needed -lgcc_s --no-as-needed -lc -lgcc --as-needed -lgcc_s --no-as-needed /usr/local/gcc/7.2.0/lib/gcc/x86_64-pc-linux-gnu/7.2.0/crtend.o /lib/../lib64/crtn.o]
    arg [/usr/local/gcc/7.2.0/libexec/gcc/x86_64-pc-linux-gnu/7.2.0/collect2] ==> ignore
    arg [-plugin] ==> ignore
    arg [/usr/local/gcc/7.2.0/libexec/gcc/x86_64-pc-linux-gnu/7.2.0/liblto_plugin.so] ==> ignore
    arg [-plugin-opt=/usr/local/gcc/7.2.0/libexec/gcc/x86_64-pc-linux-gnu/7.2.0/lto-wrapper] ==> ignore
    arg [-plugin-opt=-fresolution=/tmp/cc9swURY.res] ==> ignore
    arg [-plugin-opt=-pass-through=-lgcc] ==> ignore
    arg [-plugin-opt=-pass-through=-lgcc_s] ==> ignore
    arg [-plugin-opt=-pass-through=-lc] ==> ignore
    arg [-plugin-opt=-pass-through=-lgcc] ==> ignore
    arg [-plugin-opt=-pass-through=-lgcc_s] ==> ignore
    arg [--eh-frame-hdr] ==> ignore
    arg [-m] ==> ignore
    arg [elf_x86_64] ==> ignore
    arg [-dynamic-linker] ==> ignore
    arg [/lib64/ld-linux-x86-64.so.2] ==> ignore
    arg [-o] ==> ignore
    arg [cmTC_ec673] ==> ignore
    arg [/lib/../lib64/crt1.o] ==> ignore
    arg [/lib/../lib64/crti.o] ==> ignore
    arg [/usr/local/gcc/7.2.0/lib/gcc/x86_64-pc-linux-gnu/7.2.0/crtbegin.o] ==> ignore
    arg [-L/usr/local/gcc/7.2.0/lib64/../lib64] ==> dir [/usr/local/gcc/7.2.0/lib64/../lib64]
    arg [-L/usr/local/gcc/7.2.0/lib/../lib64] ==> dir [/usr/local/gcc/7.2.0/lib/../lib64]
    arg [-L/usr/local/gcc/7.2.0/lib/gcc/x86_64-pc-linux-gnu/7.2.0] ==> dir [/usr/local/gcc/7.2.0/lib/gcc/x86_64-pc-linux-gnu/7.2.0]
    arg [-L/usr/local/gcc/7.2.0/lib/gcc/x86_64-pc-linux-gnu/7.2.0/../../../../lib64] ==> dir [/usr/local/gcc/7.2.0/lib/gcc/x86_64-pc-linux-gnu/7.2.0/../../../../lib64]
    arg [-L/lib/../lib64] ==> dir [/lib/../lib64]
    arg [-L/usr/lib/../lib64] ==> dir [/usr/lib/../lib64]
    arg [-L/usr/local/gcc/7.2.0/lib64] ==> dir [/usr/local/gcc/7.2.0/lib64]
    arg [-L/usr/local/gcc/7.2.0/lib] ==> dir [/usr/local/gcc/7.2.0/lib]
    arg [-L/usr/local/gcc/7.2.0/lib/gcc/x86_64-pc-linux-gnu/7.2.0/../../..] ==> dir [/usr/local/gcc/7.2.0/lib/gcc/x86_64-pc-linux-gnu/7.2.0/../../..]
    arg [CMakeFiles/cmTC_ec673.dir/CMakeCCompilerABI.c.o] ==> ignore
    arg [-lgcc] ==> lib [gcc]
    arg [--as-needed] ==> ignore
    arg [-lgcc_s] ==> lib [gcc_s]
    arg [--no-as-needed] ==> ignore
    arg [-lc] ==> lib [c]
    arg [-lgcc] ==> lib [gcc]
    arg [--as-needed] ==> ignore
    arg [-lgcc_s] ==> lib [gcc_s]
    arg [--no-as-needed] ==> ignore
    arg [/usr/local/gcc/7.2.0/lib/gcc/x86_64-pc-linux-gnu/7.2.0/crtend.o] ==> ignore
    arg [/lib/../lib64/crtn.o] ==> ignore
  collapse library dir [/usr/local/gcc/7.2.0/lib64/../lib64] ==> [/usr/local/gcc/7.2.0/lib64]
  collapse library dir [/usr/local/gcc/7.2.0/lib/../lib64] ==> [/usr/local/gcc/7.2.0/lib64]
  collapse library dir [/usr/local/gcc/7.2.0/lib/gcc/x86_64-pc-linux-gnu/7.2.0] ==> [/usr/local/gcc/7.2.0/lib/gcc/x86_64-pc-linux-gnu/7.2.0]
  collapse library dir [/usr/local/gcc/7.2.0/lib/gcc/x86_64-pc-linux-gnu/7.2.0/../../../../lib64] ==> [/usr/local/gcc/7.2.0/lib64]
  collapse library dir [/lib/../lib64] ==> [/lib64]
  collapse library dir [/usr/lib/../lib64] ==> [/usr/lib64]
  collapse library dir [/usr/local/gcc/7.2.0/lib64] ==> [/usr/local/gcc/7.2.0/lib64]
  collapse library dir [/usr/local/gcc/7.2.0/lib] ==> [/usr/local/gcc/7.2.0/lib]
  collapse library dir [/usr/local/gcc/7.2.0/lib/gcc/x86_64-pc-linux-gnu/7.2.0/../../..] ==> [/usr/local/gcc/7.2.0/lib]
  implicit libs: [gcc;gcc_s;c;gcc;gcc_s]
  implicit dirs: [/usr/local/gcc/7.2.0/lib64;/usr/local/gcc/7.2.0/lib/gcc/x86_64-pc-linux-gnu/7.2.0;/lib64;/usr/lib64;/usr/local/gcc/7.2.0/lib]
  implicit fwks: []


Detecting CXX compiler ABI info compiled with the following output:
Change Dir: /home/jiaweid3/sortproject/CMakeFiles/CMakeTmp

Run Build Command(s):/usr/bin/gmake cmTC_f5f95/fast && /usr/bin/gmake  -f CMakeFiles/cmTC_f5f95.dir/build.make CMakeFiles/cmTC_f5f95.dir/build
gmake[1]: Entering directory `/home/jiaweid3/sortproject/CMakeFiles/CMakeTmp'
Building CXX object CMakeFiles/cmTC_f5f95.dir/CMakeCXXCompilerABI.cpp.o
/usr/local/gcc/7.2.0/bin/c++   -v -o CMakeFiles/cmTC_f5f95.dir/CMakeCXXCompilerABI.cpp.o -c /usr/local/cmake/3.18.4/share/cmake-3.18/Modules/CMakeCXXCompilerABI.cpp
Using built-in specs.
COLLECT_GCC=/usr/local/gcc/7.2.0/bin/c++
Target: x86_64-pc-linux-gnu
Configured with: ../gcc-7.2.0/configure --with-gmp=/usr/local/gmp/6.1.0 --with-mpfr=/usr/local/mpfr/3.1.4 --with-mpc=/usr/local/mpc/1.0.3 --with-cloog=/usr/local/cloog/ --with-isl=/usr/local/isl/0.16.1 --enable-cloog-backend=isl --prefix=/usr/local/gcc/7.2.0
Thread model: posix
gcc version 7.2.0 (GCC) 
COLLECT_GCC_OPTIONS='-v' '-o' 'CMakeFiles/cmTC_f5f95.dir/CMakeCXXCompilerABI.cpp.o' '-c' '-shared-libgcc' '-mtune=generic' '-march=x86-64'
 /usr/local/gcc/7.2.0/libexec/gcc/x86_64-pc-linux-gnu/7.2.0/cc1plus -quiet -v -D_GNU_SOURCE /usr/local/cmake/3.18.4/share/cmake-3.18/Modules/CMakeCXXCompilerABI.cpp -quiet -dumpbase CMakeCXXCompilerABI.cpp -mtune=generic -march=x86-64 -auxbase-strip CMakeFiles/cmTC_f5f95.dir/CMakeCXXCompilerABI.cpp.o -version -o /tmp/ccosvQ88.s
GNU C++14 (GCC) version 7.2.0 (x86_64-pc-linux-gnu)
	compiled by GNU C version 7.2.0, GMP version 6.1.0, MPFR version 3.1.4, MPC version 1.0.3, isl version isl-0.16.1-GMP

GGC heuristics: --param ggc-min-expand=100 --param ggc-min-heapsize=131072
ignoring nonexistent directory "/usr/local/include"
ignoring nonexistent directory "/usr/local/gcc/7.2.0/lib/gcc/x86_64-pc-linux-gnu/7.2.0/../../../../x86_64-pc-linux-gnu/include"
ignoring duplicate directory "/usr/local/gcc/7.2.0/include"
  as it is a non-system directory that duplicates a system directory
#include "..." search starts here:
#include <...> search starts here:
 /usr/local/gcc/7.2.0/lib/gcc/x86_64-pc-linux-gnu/7.2.0/../../../../include/c++/7.2.0
 /usr/local/gcc/7.2.0/lib/gcc/x86_64-pc-linux-gnu/7.2.0/../../../../include/c++/7.2.0/x86_64-pc-linux-gnu
 /usr/local/gcc/7.2.0/lib/gcc/x86_64-pc-linux-gnu/7.2.0/../../../../include/c++/7.2.0/backward
 /usr/local/gcc/7.2.0/lib/gcc/x86_64-pc-linux-gnu/7.2.0/include
 /usr/local/gcc/7.2.0/include
 /usr/local/gcc/7.2.0/lib/gcc/x86_64-pc-linux-gnu/7.2.0/include-fixed
 /usr/include
End of search list.
GNU C++14 (GCC) version 7.2.0 (x86_64-pc-linux-gnu)
	compiled by GNU C version 7.2.0, GMP version 6.1.0, MPFR version 3.1.4, MPC version 1.0.3, isl version isl-0.16.1-GMP

GGC heuristics: --param ggc-min-expand=100 --param ggc-min-heapsize=131072
Compiler executable checksum: ef3a3481250748d8f801c613dc69dd89
COLLECT_GCC_OPTIONS='-v' '-o' 'CMakeFiles/cmTC_f5f95.dir/CMakeCXXCompilerABI.cpp.o' '-c' '-shared-libgcc' '-mtune=generic' '-march=x86-64'
 as -v --64 -o CMakeFiles/cmTC_f5f95.dir/CMakeCXXCompilerABI.cpp.o /tmp/ccosvQ88.s
GNU assembler version 2.27 (x86_64-redhat-linux) using BFD version version 2.27-43.base.el7
COMPILER_PATH=/usr/local/gcc/7.2.0/libexec/gcc/x86_64-pc-linux-gnu/7.2.0/:/usr/local/gcc/7.2.0/libexec/gcc/x86_64-pc-linux-gnu/7.2.0/:/usr/local/gcc/7.2.0/libexec/gcc/x86_64-pc-linux-gnu/:/usr/local/gcc/7.2.0/lib/gcc/x86_64-pc-linux-gnu/7.2.0/:/usr/local/gcc/7.2.0/lib/gcc/x86_64-pc-linux-gnu/
LIBRARY_PATH=/usr/local/gcc/7.2.0/lib64/../lib64/:/usr/local/gcc/7.2.0/lib/../lib64/:/usr/local/gcc/7.2.0/lib/gcc/x86_64-pc-linux-gnu/7.2.0/:/usr/local/gcc/7.2.0/lib/gcc/x86_64-pc-linux-gnu/7.2.0/../../../../lib64/:/lib/../lib64/:/usr/lib/../lib64/:/usr/local/gcc/7.2.0/lib64/:/usr/local/gcc/7.2.0/lib/:/usr/local/gcc/7.2.0/lib/gcc/x86_64-pc-linux-gnu/7.2.0/../../../:/lib/:/usr/lib/
COLLECT_GCC_OPTIONS='-v' '-o' 'CMakeFiles/cmTC_f5f95.dir/CMakeCXXCompilerABI.cpp.o' '-c' '-shared-libgcc' '-mtune=generic' '-march=x86-64'
Linking CXX executable cmTC_f5f95
/usr/local/cmake/3.18.4/bin/cmake -E cmake_link_script CMakeFiles/cmTC_f5f95.dir/link.txt --verbose=1
/usr/local/gcc/7.2.0/bin/c++  -v CMakeFiles/cmTC_f5f95.dir/CMakeCXXCompilerABI.cpp.o -o cmTC_f5f95 
Using built-in specs.
COLLECT_GCC=/usr/local/gcc/7.2.0/bin/c++
COLLECT_LTO_WRAPPER=/usr/local/gcc/7.2.0/libexec/gcc/x86_64-pc-linux-gnu/7.2.0/lto-wrapper
Target: x86_64-pc-linux-gnu
Configured with: ../gcc-7.2.0/configure --with-gmp=/usr/local/gmp/6.1.0 --with-mpfr=/usr/local/mpfr/3.1.4 --with-mpc=/usr/local/mpc/1.0.3 --with-cloog=/usr/local/cloog/ --with-isl=/usr/local/isl/0.16.1 --enable-cloog-backend=isl --prefix=/usr/local/gcc/7.2.0
Thread model: posix
gcc version 7.2.0 (GCC) 
COMPILER_PATH=/usr/local/gcc/7.2.0/libexec/gcc/x86_64-pc-linux-gnu/7.2.0/:/usr/local/gcc/7.2.0/libexec/gcc/x86_64-pc-linux-gnu/7.2.0/:/usr/local/gcc/7.2.0/libexec/gcc/x86_64-pc-linux-gnu/:/usr/local/gcc/7.2.0/lib/gcc/x86_64-pc-linux-gnu/7.2.0/:/usr/local/gcc/7.2.0/lib/gcc/x86_64-pc-linux-gnu/
LIBRARY_PATH=/usr/local/gcc/7.2.0/lib64/../lib64/:/usr/local/gcc/7.2.0/lib/../lib64/:/usr/local/gcc/7.2.0/lib/gcc/x86_64-pc-linux-gnu/7.2.0/:/usr/local/gcc/7.2.0/lib/gcc/x86_64-pc-linux-gnu/7.2.0/../../../../lib64/:/lib/../lib64/:/usr/lib/../lib64/:/usr/local/gcc/7.2.0/lib64/:/usr/local/gcc/7.2.0/lib/:/usr/local/gcc/7.2.0/lib/gcc/x86_64-pc-linux-gnu/7.2.0/../../../:/lib/:/usr/lib/
COLLECT_GCC_OPTIONS='-v' '-o' 'cmTC_f5f95' '-shared-libgcc' '-mtune=generic' '-march=x86-64'
 /usr/local/gcc/7.2.0/libexec/gcc/x86_64-pc-linux-gnu/7.2.0/collect2 -plugin /usr/local/gcc/7.2.0/libexec/gcc/x86_64-pc-linux-gnu/7.2.0/liblto_plugin.so -plugin-opt=/usr/local/gcc/7.2.0/libexec/gcc/x86_64-pc-linux-gnu/7.2.0/lto-wrapper -plugin-opt=-fresolution=/tmp/ccygEtGd.res -plugin-opt=-pass-through=-lgcc_s -plugin-opt=-pass-through=-lgcc -plugin-opt=-pass-through=-lc -plugin-opt=-pass-through=-lgcc_s -plugin-opt=-pass-through=-lgcc --eh-frame-hdr -m elf_x86_64 -dynamic-linker /lib64/ld-linux-x86-64.so.2 -o cmTC_f5f95 /lib/../lib64/crt1.o /lib/../lib64/crti.o /usr/local/gcc/7.2.0/lib/gcc/x86_64-pc-linux-gnu/7.2.0/crtbegin.o -L/usr/local/gcc/7.2.0/lib64/../lib64 -L/usr/local/gcc/7.2.0/lib/../lib64 -L/usr/local/gcc/7.2.0/lib/gcc/x86_64-pc-linux-gnu/7.2.0 -L/usr/local/gcc/7.2.0/lib/gcc/x86_64-pc-linux-gnu/7.2.0/../../../../lib64 -L/lib/../lib64 -L/usr/lib/../lib64 -L/usr/local/gcc/7.2.0/lib64 -L/usr/local/gcc/7.2.0/lib -L/usr/local/gcc/7.2.0/lib/gcc/x86_64-pc-linux-gnu/7.2.0/../../.. CMakeFiles/cmTC_f5f95.dir/CMakeCXXCompilerABI.cpp.o -lstdc++ -lm -lgcc_s -lgcc -lc -lgcc_s -lgcc /usr/local/gcc/7.2.0/lib/gcc/x86_64-pc-linux-gnu/7.2.0/crtend.o /lib/../lib64/crtn.o
COLLECT_GCC_OPTIONS='-v' '-o' 'cmTC_f5f95' '-shared-libgcc' '-mtune=generic' '-march=x86-64'
gmake[1]: Leaving directory `/home/jiaweid3/sortproject/CMakeFiles/CMakeTmp'



Parsed CXX implicit include dir info from above output: rv=done
  found start of include info
  found start of implicit include info
    add: [/usr/local/gcc/7.2.0/lib/gcc/x86_64-pc-linux-gnu/7.2.0/../../../../include/c++/7.2.0]
    add: [/usr/local/gcc/7.2.0/lib/gcc/x86_64-pc-linux-gnu/7.2.0/../../../../include/c++/7.2.0/x86_64-pc-linux-gnu]
    add: [/usr/local/gcc/7.2.0/lib/gcc/x86_64-pc-linux-gnu/7.2.0/../../../../include/c++/7.2.0/backward]
    add: [/usr/local/gcc/7.2.0/lib/gcc/x86_64-pc-linux-gnu/7.2.0/include]
    add: [/usr/local/gcc/7.2.0/include]
    add: [/usr/local/gcc/7.2.0/lib/gcc/x86_64-pc-linux-gnu/7.2.0/include-fixed]
    add: [/usr/include]
  end of search list found
  collapse include dir [/usr/local/gcc/7.2.0/lib/gcc/x86_64-pc-linux-gnu/7.2.0/../../../../include/c++/7.2.0] ==> [/usr/local/gcc/7.2.0/include/c++/7.2.0]
  collapse include dir [/usr/local/gcc/7.2.0/lib/gcc/x86_64-pc-linux-gnu/7.2.0/../../../../include/c++/7.2.0/x86_64-pc-linux-gnu] ==> [/usr/local/gcc/7.2.0/include/c++/7.2.0/x86_64-pc-linux-gnu]
  collapse include dir [/usr/local/gcc/7.2.0/lib/gcc/x86_64-pc-linux-gnu/7.2.0/../../../../include/c++/7.2.0/backward] ==> [/usr/local/gcc/7.2.0/include/c++/7.2.0/backward]
  collapse include dir [/usr/local/gcc/7.2.0/lib/gcc/x86_64-pc-linux-gnu/7.2.0/include] ==> [/usr/local/gcc/7.2.0/lib/gcc/x86_64-pc-linux-gnu/7.2.0/include]
  collapse include dir [/usr/local/gcc/7.2.0/include] ==> [/usr/local/gcc/7.2.0/include]
  collapse include dir [/usr/local/gcc/7.2.0/lib/gcc/x86_64-pc-linux-gnu/7.2.0/include-fixed] ==> [/usr/local/gcc/7.2.0/lib/gcc/x86_64-pc-linux-gnu/7.2.0/include-fixed]
  collapse include dir [/usr/include] ==> [/usr/include]
  implicit include dirs: [/usr/local/gcc/7.2.0/include/c++/7.2.0;/usr/local/gcc/7.2.0/include/c++/7.2.0/x86_64-pc-linux-gnu;/usr/local/gcc/7.2.0/include/c++/7.2.0/backward;/usr/local/gcc/7.2.0/lib/gcc/x86_64-pc-linux-gnu/7.2.0/include;/usr/local/gcc/7.2.0/include;/usr/local/gcc/7.2.0/lib/gcc/x86_64-pc-linux-gnu/7.2.0/include-fixed;/usr/include]


Parsed CXX implicit link information from above output:
  link line regex: [^( *|.*[/\])(ld|CMAKE_LINK_STARTFILE-NOTFOUND|([^/\]+-)?ld|collect2)[^/\]*( |$)]
  ignore line: [Change Dir: /home/jiaweid3/sortproject/CMakeFiles/CMakeTmp]
  ignore line: []
  ignore line: [Run Build Command(s):/usr/bin/gmake cmTC_f5f95/fast && /usr/bin/gmake  -f CMakeFiles/cmTC_f5f95.dir/build.make CMakeFiles/cmTC_f5f95.dir/build]
  ignore line: [gmake[1]: Entering directory `/home/jiaweid3/sortproject/CMakeFiles/CMakeTmp']
  ignore line: [Building CXX object CMakeFiles/cmTC_f5f95.dir/CMakeCXXCompilerABI.cpp.o]
  ignore line: [/usr/local/gcc/7.2.0/bin/c++   -v -o CMakeFiles/cmTC_f5f95.dir/CMakeCXXCompilerABI.cpp.o -c /usr/local/cmake/3.18.4/share/cmake-3.18/Modules/CMakeCXXCompilerABI.cpp]
  ignore line: [Using built-in specs.]
  ignore line: [COLLECT_GCC=/usr/local/gcc/7.2.0/bin/c++]
  ignore line: [Target: x86_64-pc-linux-gnu]
  ignore line: [Configured with: ../gcc-7.2.0/configure --with-gmp=/usr/local/gmp/6.1.0 --with-mpfr=/usr/local/mpfr/3.1.4 --with-mpc=/usr/local/mpc/1.0.3 --with-cloog=/usr/local/cloog/ --with-isl=/usr/local/isl/0.16.1 --enable-cloog-backend=isl --prefix=/usr/local/gcc/7.2.0]
  ignore line: [Thread model: posix]
  ignore line: [gcc version 7.2.0 (GCC) ]
  ignore line: [COLLECT_GCC_OPTIONS='-v' '-o' 'CMakeFiles/cmTC_f5f95.dir/CMakeCXXCompilerABI.cpp.o' '-c' '-shared-libgcc' '-mtune=generic' '-march=x86-64']
  ignore line: [ /usr/local/gcc/7.2.0/libexec/gcc/x86_64-pc-linux-gnu/7.2.0/cc1plus -quiet -v -D_GNU_SOURCE /usr/local/cmake/3.18.4/share/cmake-3.18/Modules/CMakeCXXCompilerABI.cpp -quiet -dumpbase CMakeCXXCompilerABI.cpp -mtune=generic -march=x86-64 -auxbase-strip CMakeFiles/cmTC_f5f95.dir/CMakeCXXCompilerABI.cpp.o -version -o /tmp/ccosvQ88.s]
  ignore line: [GNU C++14 (GCC) version 7.2.0 (x86_64-pc-linux-gnu)]
  ignore line: [	compiled by GNU C version 7.2.0  GMP version 6.1.0  MPFR version 3.1.4  MPC version 1.0.3  isl version isl-0.16.1-GMP]
  ignore line: []
  ignore line: [GGC heuristics: --param ggc-min-expand=100 --param ggc-min-heapsize=131072]
  ignore line: [ignoring nonexistent directory "/usr/local/include"]
  ignore line: [ignoring nonexistent directory "/usr/local/gcc/7.2.0/lib/gcc/x86_64-pc-linux-gnu/7.2.0/../../../../x86_64-pc-linux-gnu/include"]
  ignore line: [ignoring duplicate directory "/usr/local/gcc/7.2.0/include"]
  ignore line: [  as it is a non-system directory that duplicates a system directory]
  ignore line: [#include "..." search starts here:]
  ignore line: [#include <...> search starts here:]
  ignore line: [ /usr/local/gcc/7.2.0/lib/gcc/x86_64-pc-linux-gnu/7.2.0/../../../../include/c++/7.2.0]
  ignore line: [ /usr/local/gcc/7.2.0/lib/gcc/x86_64-pc-linux-gnu/7.2.0/../../../../include/c++/7.2.0/x86_64-pc-linux-gnu]
  ignore line: [ /usr/local/gcc/7.2.0/lib/gcc/x86_64-pc-linux-gnu/7.2.0/../../../../include/c++/7.2.0/backward]
  ignore line: [ /usr/local/gcc/7.2.0/lib/gcc/x86_64-pc-linux-gnu/7.2.0/include]
  ignore line: [ /usr/local/gcc/7.2.0/include]
  ignore line: [ /usr/local/gcc/7.2.0/lib/gcc/x86_64-pc-linux-gnu/7.2.0/include-fixed]
  ignore line: [ /usr/include]
  ignore line: [End of search list.]
  ignore line: [GNU C++14 (GCC) version 7.2.0 (x86_64-pc-linux-gnu)]
  ignore line: [	compiled by GNU C version 7.2.0  GMP version 6.1.0  MPFR version 3.1.4  MPC version 1.0.3  isl version isl-0.16.1-GMP]
  ignore line: []
  ignore line: [GGC heuristics: --param ggc-min-expand=100 --param ggc-min-heapsize=131072]
  ignore line: [Compiler executable checksum: ef3a3481250748d8f801c613dc69dd89]
  ignore line: [COLLECT_GCC_OPTIONS='-v' '-o' 'CMakeFiles/cmTC_f5f95.dir/CMakeCXXCompilerABI.cpp.o' '-c' '-shared-libgcc' '-mtune=generic' '-march=x86-64']
  ignore line: [ as -v --64 -o CMakeFiles/cmTC_f5f95.dir/CMakeCXXCompilerABI.cpp.o /tmp/ccosvQ88.s]
  ignore line: [GNU assembler version 2.27 (x86_64-redhat-linux) using BFD version version 2.27-43.base.el7]
  ignore line: [COMPILER_PATH=/usr/local/gcc/7.2.0/libexec/gcc/x86_64-pc-linux-gnu/7.2.0/:/usr/local/gcc/7.2.0/libexec/gcc/x86_64-pc-linux-gnu/7.2.0/:/usr/local/gcc/7.2.0/libexec/gcc/x86_64-pc-linux-gnu/:/usr/local/gcc/7.2.0/lib/gcc/x86_64-pc-linux-gnu/7.2.0/:/usr/local/gcc/7.2.0/lib/gcc/x86_64-pc-linux-gnu/]
  ignore line: [LIBRARY_PATH=/usr/local/gcc/7.2.0/lib64/../lib64/:/usr/local/gcc/7.2.0/lib/../lib64/:/usr/local/gcc/7.2.0/lib/gcc/x86_64-pc-linux-gnu/7.2.0/:/usr/local/gcc/7.2.0/lib/gcc/x86_64-pc-linux-gnu/7.2.0/../../../../lib64/:/lib/../lib64/:/usr/lib/../lib64/:/usr/local/gcc/7.2.0/lib64/:/usr/local/gcc/7.2.0/lib/:/usr/local/gcc/7.2.0/lib/gcc/x86_64-pc-linux-gnu/7.2.0/../../../:/lib/:/usr/lib/]
  ignore line: [COLLECT_GCC_OPTIONS='-v' '-o' 'CMakeFiles/cmTC_f5f95.dir/CMakeCXXCompilerABI.cpp.o' '-c' '-shared-libgcc' '-mtune=generic' '-march=x86-64']
  ignore line: [Linking CXX executable cmTC_f5f95]
  ignore line: [/usr/local/cmake/3.18.4/bin/cmake -E cmake_link_script CMakeFiles/cmTC_f5f95.dir/link.txt --verbose=1]
  ignore line: [/usr/local/gcc/7.2.0/bin/c++  -v CMakeFiles/cmTC_f5f95.dir/CMakeCXXCompilerABI.cpp.o -o cmTC_f5f95 ]
  ignore line: [Using built-in specs.]
  ignore line: [COLLECT_GCC=/usr/local/gcc/7.2.0/bin/c++]
  ignore line: [COLLECT_LTO_WRAPPER=/usr/local/gcc/7.2.0/libexec/gcc/x86_64-pc-linux-gnu/7.2.0/lto-wrapper]
  ignore line: [Target: x86_64-pc-linux-gnu]
  ignore line: [Configured with: ../gcc-7.2.0/configure --with-gmp=/usr/local/gmp/6.1.0 --with-mpfr=/usr/local/mpfr/3.1.4 --with-mpc=/usr/local/mpc/1.0.3 --with-cloog=/usr/local/cloog/ --with-isl=/usr/local/isl/0.16.1 --enable-cloog-backend=isl --prefix=/usr/local/gcc/7.2.0]
  ignore line: [Thread model: posix]
  ignore line: [gcc version 7.2.0 (GCC) ]
  ignore line: [COMPILER_PATH=/usr/local/gcc/7.2.0/libexec/gcc/x86_64-pc-linux-gnu/7.2.0/:/usr/local/gcc/7.2.0/libexec/gcc/x86_64-pc-linux-gnu/7.2.0/:/usr/local/gcc/7.2.0/libexec/gcc/x86_64-pc-linux-gnu/:/usr/local/gcc/7.2.0/lib/gcc/x86_64-pc-linux-gnu/7.2.0/:/usr/local/gcc/7.2.0/lib/gcc/x86_64-pc-linux-gnu/]
  ignore line: [LIBRARY_PATH=/usr/local/gcc/7.2.0/lib64/../lib64/:/usr/local/gcc/7.2.0/lib/../lib64/:/usr/local/gcc/7.2.0/lib/gcc/x86_64-pc-linux-gnu/7.2.0/:/usr/local/gcc/7.2.0/lib/gcc/x86_64-pc-linux-gnu/7.2.0/../../../../lib64/:/lib/../lib64/:/usr/lib/../lib64/:/usr/local/gcc/7.2.0/lib64/:/usr/local/gcc/7.2.0/lib/:/usr/local/gcc/7.2.0/lib/gcc/x86_64-pc-linux-gnu/7.2.0/../../../:/lib/:/usr/lib/]
  ignore line: [COLLECT_GCC_OPTIONS='-v' '-o' 'cmTC_f5f95' '-shared-libgcc' '-mtune=generic' '-march=x86-64']
  link line: [ /usr/local/gcc/7.2.0/libexec/gcc/x86_64-pc-linux-gnu/7.2.0/collect2 -plugin /usr/local/gcc/7.2.0/libexec/gcc/x86_64-pc-linux-gnu/7.2.0/liblto_plugin.so -plugin-opt=/usr/local/gcc/7.2.0/libexec/gcc/x86_64-pc-linux-gnu/7.2.0/lto-wrapper -plugin-opt=-fresolution=/tmp/ccygEtGd.res -plugin-opt=-pass-through=-lgcc_s -plugin-opt=-pass-through=-lgcc -plugin-opt=-pass-through=-lc -plugin-opt=-pass-through=-lgcc_s -plugin-opt=-pass-through=-lgcc --eh-frame-hdr -m elf_x86_64 -dynamic-linker /lib64/ld-linux-x86-64.so.2 -o cmTC_f5f95 /lib/../lib64/crt1.o /lib/../lib64/crti.o /usr/local/gcc/7.2.0/lib/gcc/x86_64-pc-linux-gnu/7.2.0/crtbegin.o -L/usr/local/gcc/7.2.0/lib64/../lib64 -L/usr/local/gcc/7.2.0/lib/../lib64 -L/usr/local/gcc/7.2.0/lib/gcc/x86_64-pc-linux-gnu/7.2.0 -L/usr/local/gcc/7.2.0/lib/gcc/x86_64-pc-linux-gnu/7.2.0/../../../../lib64 -L/lib/../lib64 -L/usr/lib/../lib64 -L/usr/local/gcc/7.2.0/lib64 -L/usr/local/gcc/7.2.0/lib -L/usr/local/gcc/7.2.0/lib/gcc/x86_64-pc-linux-gnu/7.2.0/../../.. CMakeFiles/cmTC_f5f95.dir/CMakeCXXCompilerABI.cpp.o -lstdc++ -lm -lgcc_s -lgcc -lc -lgcc_s -lgcc /usr/local/gcc/7.2.0/lib/gcc/x86_64-pc-linux-gnu/7.2.0/crtend.o /lib/../lib64/crtn.o]
    arg [/usr/local/gcc/7.2.0/libexec/gcc/x86_64-pc-linux-gnu/7.2.0/collect2] ==> ignore
    arg [-plugin] ==> ignore
    arg [/usr/local/gcc/7.2.0/libexec/gcc/x86_64-pc-linux-gnu/7.2.0/liblto_plugin.so] ==> ignore
    arg [-plugin-opt=/usr/local/gcc/7.2.0/libexec/gcc/x86_64-pc-linux-gnu/7.2.0/lto-wrapper] ==> ignore
    arg [-plugin-opt=-fresolution=/tmp/ccygEtGd.res] ==> ignore
    arg [-plugin-opt=-pass-through=-lgcc_s] ==> ignore
    arg [-plugin-opt=-pass-through=-lgcc] ==> ignore
    arg [-plugin-opt=-pass-through=-lc] ==> ignore
    arg [-plugin-opt=-pass-through=-lgcc_s] ==> ignore
    arg [-plugin-opt=-pass-through=-lgcc] ==> ignore
    arg [--eh-frame-hdr] ==> ignore
    arg [-m] ==> ignore
    arg [elf_x86_64] ==> ignore
    arg [-dynamic-linker] ==> ignore
    arg [/lib64/ld-linux-x86-64.so.2] ==> ignore
    arg [-o] ==> ignore
    arg [cmTC_f5f95] ==> ignore
    arg [/lib/../lib64/crt1.o] ==> ignore
    arg [/lib/../lib64/crti.o] ==> ignore
    arg [/usr/local/gcc/7.2.0/lib/gcc/x86_64-pc-linux-gnu/7.2.0/crtbegin.o] ==> ignore
    arg [-L/usr/local/gcc/7.2.0/lib64/../lib64] ==> dir [/usr/local/gcc/7.2.0/lib64/../lib64]
    arg [-L/usr/local/gcc/7.2.0/lib/../lib64] ==> dir [/usr/local/gcc/7.2.0/lib/../lib64]
    arg [-L/usr/local/gcc/7.2.0/lib/gcc/x86_64-pc-linux-gnu/7.2.0] ==> dir [/usr/local/gcc/7.2.0/lib/gcc/x86_64-pc-linux-gnu/7.2.0]
    arg [-L/usr/local/gcc/7.2.0/lib/gcc/x86_64-pc-linux-gnu/7.2.0/../../../../lib64] ==> dir [/usr/local/gcc/7.2.0/lib/gcc/x86_64-pc-linux-gnu/7.2.0/../../../../lib64]
    arg [-L/lib/../lib64] ==> dir [/lib/../lib64]
    arg [-L/usr/lib/../lib64] ==> dir [/usr/lib/../lib64]
    arg [-L/usr/local/gcc/7.2.0/lib64] ==> dir [/usr/local/gcc/7.2.0/lib64]
    arg [-L/usr/local/gcc/7.2.0/lib] ==> dir [/usr/local/gcc/7.2.0/lib]
    arg [-L/usr/local/gcc/7.2.0/lib/gcc/x86_64-pc-linux-gnu/7.2.0/../../..] ==> dir [/usr/local/gcc/7.2.0/lib/gcc/x86_64-pc-linux-gnu/7.2.0/../../..]
    arg [CMakeFiles/cmTC_f5f95.dir/CMakeCXXCompilerABI.cpp.o] ==> ignore
    arg [-lstdc++] ==> lib [stdc++]
    arg [-lm] ==> lib [m]
    arg [-lgcc_s] ==> lib [gcc_s]
    arg [-lgcc] ==> lib [gcc]
    arg [-lc] ==> lib [c]
    arg [-lgcc_s] ==> lib [gcc_s]
    arg [-lgcc] ==> lib [gcc]
    arg [/usr/local/gcc/7.2.0/lib/gcc/x86_64-pc-linux-gnu/7.2.0/crtend.o] ==> ignore
    arg [/lib/../lib64/crtn.o] ==> ignore
  collapse library dir [/usr/local/gcc/7.2.0/lib64/../lib64] ==> [/usr/local/gcc/7.2.0/lib64]
  collapse library dir [/usr/local/gcc/7.2.0/lib/../lib64] ==> [/usr/local/gcc/7.2.0/lib64]
  collapse library dir [/usr/local/gcc/7.2.0/lib/gcc/x86_64-pc-linux-gnu/7.2.0] ==> [/usr/local/gcc/7.2.0/lib/gcc/x86_64-pc-linux-gnu/7.2.0]
  collapse library dir [/usr/local/gcc/7.2.0/lib/gcc/x86_64-pc-linux-gnu/7.2.0/../../../../lib64] ==> [/usr/local/gcc/7.2.0/lib64]
  collapse library dir [/lib/../lib64] ==> [/lib64]
  collapse library dir [/usr/lib/../lib64] ==> [/usr/lib64]
  collapse library dir [/usr/local/gcc/7.2.0/lib64] ==> [/usr/local/gcc/7.2.0/lib64]
  collapse library dir [/usr/local/gcc/7.2.0/lib] ==> [/usr/local/gcc/7.2.0/lib]
  collapse library dir [/usr/local/gcc/7.2.0/lib/gcc/x86_64-pc-linux-gnu/7.2.0/../../..] ==> [/usr/local/gcc/7.2.0/lib]
  implicit libs: [stdc++;m;gcc_s;gcc;c;gcc_s;gcc]
  implicit dirs: [/usr/local/gcc/7.2.0/lib64;/usr/local/gcc/7.2.0/lib/gcc/x86_64-pc-linux-gnu/7.2.0;/lib64;/usr/lib64;/usr/local/gcc/7.2.0/lib]
  implicit fwks: []


Detecting C OpenMP compiler ABI info compiled with the following output:
Change Dir: /home/jiaweid3/sortproject/CMakeFiles/CMakeTmp

Run Build Command(s):/usr/bin/gmake cmTC_67eb7/fast && /usr/bin/gmake  -f CMakeFiles/cmTC_67eb7.dir/build.make CMakeFiles/cmTC_67eb7.dir/build
gmake[1]: Entering directory `/home/jiaweid3/sortproject/CMakeFiles/CMakeTmp'
Building C object CMakeFiles/cmTC_67eb7.dir/OpenMPTryFlag.c.o
/usr/local/gcc/7.2.0/bin/gcc   -fopenmp -v -o CMakeFiles/cmTC_67eb7.dir/OpenMPTryFlag.c.o -c /home/jiaweid3/sortproject/CMakeFiles/FindOpenMP/OpenMPTryFlag.c
Using built-in specs.
COLLECT_GCC=/usr/local/gcc/7.2.0/bin/gcc
Target: x86_64-pc-linux-gnu
Configured with: ../gcc-7.2.0/configure --with-gmp=/usr/local/gmp/6.1.0 --with-mpfr=/usr/local/mpfr/3.1.4 --with-mpc=/usr/local/mpc/1.0.3 --with-cloog=/usr/local/cloog/ --with-isl=/usr/local/isl/0.16.1 --enable-cloog-backend=isl --prefix=/usr/local/gcc/7.2.0
Thread model: posix
gcc version 7.2.0 (GCC) 
COLLECT_GCC_OPTIONS='-fopenmp' '-v' '-o' 'CMakeFiles/cmTC_67eb7.dir/OpenMPTryFlag.c.o' '-c' '-mtune=generic' '-march=x86-64' '-pthread'
 /usr/local/gcc/7.2.0/libexec/gcc/x86_64-pc-linux-gnu/7.2.0/cc1 -quiet -v -D_REENTRANT /home/jiaweid3/sortproject/CMakeFiles/FindOpenMP/OpenMPTryFlag.c -quiet -dumpbase OpenMPTryFlag.c -mtune=generic -march=x86-64 -auxbase-strip CMakeFiles/cmTC_67eb7.dir/OpenMPTryFlag.c.o -version -fopenmp -o /tmp/ccScFRGo.s
GNU C11 (GCC) version 7.2.0 (x86_64-pc-linux-gnu)
	compiled by GNU C version 7.2.0, GMP version 6.1.0, MPFR version 3.1.4, MPC version 1.0.3, isl version isl-0.16.1-GMP

GGC heuristics: --param ggc-min-expand=100 --param ggc-min-heapsize=131072
ignoring nonexistent directory "/usr/local/include"
ignoring nonexistent directory "/usr/local/gcc/7.2.0/lib/gcc/x86_64-pc-linux-gnu/7.2.0/../../../../x86_64-pc-linux-gnu/include"
ignoring duplicate directory "/usr/local/gcc/7.2.0/include"
  as it is a non-system directory that duplicates a system directory
#include "..." search starts here:
#include <...> search starts here:
 /usr/local/slurm/20.11.3/include
 /usr/local/gcc/7.2.0/lib/gcc/x86_64-pc-linux-gnu/7.2.0/include
 /usr/local/gcc/7.2.0/include
 /usr/local/gcc/7.2.0/lib/gcc/x86_64-pc-linux-gnu/7.2.0/include-fixed
 /usr/include
End of search list.
GNU C11 (GCC) version 7.2.0 (x86_64-pc-linux-gnu)
	compiled by GNU C version 7.2.0, GMP version 6.1.0, MPFR version 3.1.4, MPC version 1.0.3, isl version isl-0.16.1-GMP

GGC heuristics: --param ggc-min-expand=100 --param ggc-min-heapsize=131072
Compiler executable checksum: 7bdb2c9e29af97bc037104e2d31ef8af
COLLECT_GCC_OPTIONS='-fopenmp' '-v' '-o' 'CMakeFiles/cmTC_67eb7.dir/OpenMPTryFlag.c.o' '-c' '-mtune=generic' '-march=x86-64' '-pthread'
 as -v --64 -o CMakeFiles/cmTC_67eb7.dir/OpenMPTryFlag.c.o /tmp/ccScFRGo.s
GNU assembler version 2.27 (x86_64-redhat-linux) using BFD version version 2.27-43.base.el7
COMPILER_PATH=/usr/local/gcc/7.2.0/libexec/gcc/x86_64-pc-linux-gnu/7.2.0/:/usr/local/gcc/7.2.0/libexec/gcc/x86_64-pc-linux-gnu/7.2.0/:/usr/local/gcc/7.2.0/libexec/gcc/x86_64-pc-linux-gnu/:/usr/local/gcc/7.2.0/lib/gcc/x86_64-pc-linux-gnu/7.2.0/:/usr/local/gcc/7.2.0/lib/gcc/x86_64-pc-linux-gnu/
LIBRARY_PATH=/usr/local/gcc/7.2.0/lib64/../lib64/:/usr/local/gcc/7.2.0/lib/../lib64/:/usr/local/gcc/7.2.0/lib/gcc/x86_64-pc-linux-gnu/7.2.0/:/usr/local/gcc/7.2.0/lib/gcc/x86_64-pc-linux-gnu/7.2.0/../../../../lib64/:/lib/../lib64/:/usr/lib/../lib64/:/usr/local/gcc/7.2.0/lib64/:/usr/local/gcc/7.2.0/lib/:/usr/local/gcc/7.2.0/lib/gcc/x86_64-pc-linux-gnu/7.2.0/../../../:/lib/:/usr/lib/
COLLECT_GCC_OPTIONS='-fopenmp' '-v' '-o' 'CMakeFiles/cmTC_67eb7.dir/OpenMPTryFlag.c.o' '-c' '-mtune=generic' '-march=x86-64' '-pthread'
Linking C executable cmTC_67eb7
/usr/local/cmake/3.18.4/bin/cmake -E cmake_link_script CMakeFiles/cmTC_67eb7.dir/link.txt --verbose=1
/usr/local/gcc/7.2.0/bin/gcc  -fopenmp -v CMakeFiles/cmTC_67eb7.dir/OpenMPTryFlag.c.o -o cmTC_67eb7  -v 
Using built-in specs.
COLLECT_GCC=/usr/local/gcc/7.2.0/bin/gcc
COLLECT_LTO_WRAPPER=/usr/local/gcc/7.2.0/libexec/gcc/x86_64-pc-linux-gnu/7.2.0/lto-wrapper
Target: x86_64-pc-linux-gnu
Configured with: ../gcc-7.2.0/configure --with-gmp=/usr/local/gmp/6.1.0 --with-mpfr=/usr/local/mpfr/3.1.4 --with-mpc=/usr/local/mpc/1.0.3 --with-cloog=/usr/local/cloog/ --with-isl=/usr/local/isl/0.16.1 --enable-cloog-backend=isl --prefix=/usr/local/gcc/7.2.0
Thread model: posix
gcc version 7.2.0 (GCC) 
COMPILER_PATH=/usr/local/gcc/7.2.0/libexec/gcc/x86_64-pc-linux-gnu/7.2.0/:/usr/local/gcc/7.2.0/libexec/gcc/x86_64-pc-linux-gnu/7.2.0/:/usr/local/gcc/7.2.0/libexec/gcc/x86_64-pc-linux-gnu/:/usr/local/gcc/7.2.0/lib/gcc/x86_64-pc-linux-gnu/7.2.0/:/usr/local/gcc/7.2.0/lib/gcc/x86_64-pc-linux-gnu/
LIBRARY_PATH=/usr/local/gcc/7.2.0/lib64/../lib64/:/usr/local/gcc/7.2.0/lib/../lib64/:/usr/local/gcc/7.2.0/lib/gcc/x86_64-pc-linux-gnu/7.2.0/:/usr/local/gcc/7.2.0/lib/gcc/x86_64-pc-linux-gnu/7.2.0/../../../../lib64/:/lib/../lib64/:/usr/lib/../lib64/:/usr/local/gcc/7.2.0/lib64/:/usr/local/gcc/7.2.0/lib/:/usr/local/gcc/7.2.0/lib/gcc/x86_64-pc-linux-gnu/7.2.0/../../../:/lib/:/usr/lib/
Reading specs from /usr/local/gcc/7.2.0/lib64/../lib64/libgomp.spec
COLLECT_GCC_OPTIONS='-fopenmp' '-v' '-o' 'cmTC_67eb7' '-v' '-mtune=generic' '-march=x86-64' '-pthread'
 /usr/local/gcc/7.2.0/libexec/gcc/x86_64-pc-linux-gnu/7.2.0/collect2 -plugin /usr/local/gcc/7.2.0/libexec/gcc/x86_64-pc-linux-gnu/7.2.0/liblto_plugin.so -plugin-opt=/usr/local/gcc/7.2.0/libexec/gcc/x86_64-pc-linux-gnu/7.2.0/lto-wrapper -plugin-opt=-fresolution=/tmp/ccppzyPw.res -plugin-opt=-pass-through=-lgcc -plugin-opt=-pass-through=-lgcc_s -plugin-opt=-pass-through=-lpthread -plugin-opt=-pass-through=-lc -plugin-opt=-pass-through=-lgcc -plugin-opt=-pass-through=-lgcc_s --eh-frame-hdr -m elf_x86_64 -dynamic-linker /lib64/ld-linux-x86-64.so.2 -o cmTC_67eb7 /lib/../lib64/crt1.o /lib/../lib64/crti.o /usr/local/gcc/7.2.0/lib/gcc/x86_64-pc-linux-gnu/7.2.0/crtbegin.o -L/usr/local/gcc/7.2.0/lib64/../lib64 -L/usr/local/gcc/7.2.0/lib/../lib64 -L/usr/local/gcc/7.2.0/lib/gcc/x86_64-pc-linux-gnu/7.2.0 -L/usr/local/gcc/7.2.0/lib/gcc/x86_64-pc-linux-gnu/7.2.0/../../../../lib64 -L/lib/../lib64 -L/usr/lib/../lib64 -L/usr/local/gcc/7.2.0/lib64 -L/usr/local/gcc/7.2.0/lib -L/usr/local/gcc/7.2.0/lib/gcc/x86_64-pc-linux-gnu/7.2.0/../../.. CMakeFiles/cmTC_67eb7.dir/OpenMPTryFlag.c.o -lgomp -lgcc --as-needed -lgcc_s --no-as-needed -lpthread -lc -lgcc --as-needed -lgcc_s --no-as-needed /usr/local/gcc/7.2.0/lib/gcc/x86_64-pc-linux-gnu/7.2.0/crtend.o /lib/../lib64/crtn.o
COLLECT_GCC_OPTIONS='-fopenmp' '-v' '-o' 'cmTC_67eb7' '-v' '-mtune=generic' '-march=x86-64' '-pthread'
gmake[1]: Leaving directory `/home/jiaweid3/sortproject/CMakeFiles/CMakeTmp'



Parsed C OpenMP implicit link information from above output:
  link line regex: [^( *|.*[/\])(ld|CMAKE_LINK_STARTFILE-NOTFOUND|([^/\]+-)?ld|collect2)[^/\]*( |$)]
  ignore line: [Change Dir: /home/jiaweid3/sortproject/CMakeFiles/CMakeTmp]
  ignore line: []
  ignore line: [Run Build Command(s):/usr/bin/gmake cmTC_67eb7/fast && /usr/bin/gmake  -f CMakeFiles/cmTC_67eb7.dir/build.make CMakeFiles/cmTC_67eb7.dir/build]
  ignore line: [gmake[1]: Entering directory `/home/jiaweid3/sortproject/CMakeFiles/CMakeTmp']
  ignore line: [Building C object CMakeFiles/cmTC_67eb7.dir/OpenMPTryFlag.c.o]
  ignore line: [/usr/local/gcc/7.2.0/bin/gcc   -fopenmp -v -o CMakeFiles/cmTC_67eb7.dir/OpenMPTryFlag.c.o -c /home/jiaweid3/sortproject/CMakeFiles/FindOpenMP/OpenMPTryFlag.c]
  ignore line: [Using built-in specs.]
  ignore line: [COLLECT_GCC=/usr/local/gcc/7.2.0/bin/gcc]
  ignore line: [Target: x86_64-pc-linux-gnu]
  ignore line: [Configured with: ../gcc-7.2.0/configure --with-gmp=/usr/local/gmp/6.1.0 --with-mpfr=/usr/local/mpfr/3.1.4 --with-mpc=/usr/local/mpc/1.0.3 --with-cloog=/usr/local/cloog/ --with-isl=/usr/local/isl/0.16.1 --enable-cloog-backend=isl --prefix=/usr/local/gcc/7.2.0]
  ignore line: [Thread model: posix]
  ignore line: [gcc version 7.2.0 (GCC) ]
  ignore line: [COLLECT_GCC_OPTIONS='-fopenmp' '-v' '-o' 'CMakeFiles/cmTC_67eb7.dir/OpenMPTryFlag.c.o' '-c' '-mtune=generic' '-march=x86-64' '-pthread']
  ignore line: [ /usr/local/gcc/7.2.0/libexec/gcc/x86_64-pc-linux-gnu/7.2.0/cc1 -quiet -v -D_REENTRANT /home/jiaweid3/sortproject/CMakeFiles/FindOpenMP/OpenMPTryFlag.c -quiet -dumpbase OpenMPTryFlag.c -mtune=generic -march=x86-64 -auxbase-strip CMakeFiles/cmTC_67eb7.dir/OpenMPTryFlag.c.o -version -fopenmp -o /tmp/ccScFRGo.s]
  ignore line: [GNU C11 (GCC) version 7.2.0 (x86_64-pc-linux-gnu)]
  ignore line: [	compiled by GNU C version 7.2.0  GMP version 6.1.0  MPFR version 3.1.4  MPC version 1.0.3  isl version isl-0.16.1-GMP]
  ignore line: []
  ignore line: [GGC heuristics: --param ggc-min-expand=100 --param ggc-min-heapsize=131072]
  ignore line: [ignoring nonexistent directory "/usr/local/include"]
  ignore line: [ignoring nonexistent directory "/usr/local/gcc/7.2.0/lib/gcc/x86_64-pc-linux-gnu/7.2.0/../../../../x86_64-pc-linux-gnu/include"]
  ignore line: [ignoring duplicate directory "/usr/local/gcc/7.2.0/include"]
  ignore line: [  as it is a non-system directory that duplicates a system directory]
  ignore line: [#include "..." search starts here:]
  ignore line: [#include <...> search starts here:]
  ignore line: [ /usr/local/slurm/20.11.3/include]
  ignore line: [ /usr/local/gcc/7.2.0/lib/gcc/x86_64-pc-linux-gnu/7.2.0/include]
  ignore line: [ /usr/local/gcc/7.2.0/include]
  ignore line: [ /usr/local/gcc/7.2.0/lib/gcc/x86_64-pc-linux-gnu/7.2.0/include-fixed]
  ignore line: [ /usr/include]
  ignore line: [End of search list.]
  ignore line: [GNU C11 (GCC) version 7.2.0 (x86_64-pc-linux-gnu)]
  ignore line: [	compiled by GNU C version 7.2.0  GMP version 6.1.0  MPFR version 3.1.4  MPC version 1.0.3  isl version isl-0.16.1-GMP]
  ignore line: []
  ignore line: [GGC heuristics: --param ggc-min-expand=100 --param ggc-min-heapsize=131072]
  ignore line: [Compiler executable checksum: 7bdb2c9e29af97bc037104e2d31ef8af]
  ignore line: [COLLECT_GCC_OPTIONS='-fopenmp' '-v' '-o' 'CMakeFiles/cmTC_67eb7.dir/OpenMPTryFlag.c.o' '-c' '-mtune=generic' '-march=x86-64' '-pthread']
  ignore line: [ as -v --64 -o CMakeFiles/cmTC_67eb7.dir/OpenMPTryFlag.c.o /tmp/ccScFRGo.s]
  ignore line: [GNU assembler version 2.27 (x86_64-redhat-linux) using BFD version version 2.27-43.base.el7]
  ignore line: [COMPILER_PATH=/usr/local/gcc/7.2.0/libexec/gcc/x86_64-pc-linux-gnu/7.2.0/:/usr/local/gcc/7.2.0/libexec/gcc/x86_64-pc-linux-gnu/7.2.0/:/usr/local/gcc/7.2.0/libexec/gcc/x86_64-pc-linux-gnu/:/usr/local/gcc/7.2.0/lib/gcc/x86_64-pc-linux-gnu/7.2.0/:/usr/local/gcc/7.2.0/lib/gcc/x86_64-pc-linux-gnu/]
  ignore line: [LIBRARY_PATH=/usr/local/gcc/7.2.0/lib64/../lib64/:/usr/local/gcc/7.2.0/lib/../lib64/:/usr/local/gcc/7.2.0/lib/gcc/x86_64-pc-linux-gnu/7.2.0/:/usr/local/gcc/7.2.0/lib/gcc/x86_64-pc-linux-gnu/7.2.0/../../../../lib64/:/lib/../lib64/:/usr/lib/../lib64/:/usr/local/gcc/7.2.0/lib64/:/usr/local/gcc/7.2.0/lib/:/usr/local/gcc/7.2.0/lib/gcc/x86_64-pc-linux-gnu/7.2.0/../../../:/lib/:/usr/lib/]
  ignore line: [COLLECT_GCC_OPTIONS='-fopenmp' '-v' '-o' 'CMakeFiles/cmTC_67eb7.dir/OpenMPTryFlag.c.o' '-c' '-mtune=generic' '-march=x86-64' '-pthread']
  ignore line: [Linking C executable cmTC_67eb7]
  ignore line: [/usr/local/cmake/3.18.4/bin/cmake -E cmake_link_script CMakeFiles/cmTC_67eb7.dir/link.txt --verbose=1]
  ignore line: [/usr/local/gcc/7.2.0/bin/gcc  -fopenmp -v CMakeFiles/cmTC_67eb7.dir/OpenMPTryFlag.c.o -o cmTC_67eb7  -v ]
  ignore line: [Using built-in specs.]
  ignore line: [COLLECT_GCC=/usr/local/gcc/7.2.0/bin/gcc]
  ignore line: [COLLECT_LTO_WRAPPER=/usr/local/gcc/7.2.0/libexec/gcc/x86_64-pc-linux-gnu/7.2.0/lto-wrapper]
  ignore line: [Target: x86_64-pc-linux-gnu]
  ignore line: [Configured with: ../gcc-7.2.0/configure --with-gmp=/usr/local/gmp/6.1.0 --with-mpfr=/usr/local/mpfr/3.1.4 --with-mpc=/usr/local/mpc/1.0.3 --with-cloog=/usr/local/cloog/ --with-isl=/usr/local/isl/0.16.1 --enable-cloog-backend=isl --prefix=/usr/local/gcc/7.2.0]
  ignore line: [Thread model: posix]
  ignore line: [gcc version 7.2.0 (GCC) ]
  ignore line: [COMPILER_PATH=/usr/local/gcc/7.2.0/libexec/gcc/x86_64-pc-linux-gnu/7.2.0/:/usr/local/gcc/7.2.0/libexec/gcc/x86_64-pc-linux-gnu/7.2.0/:/usr/local/gcc/7.2.0/libexec/gcc/x86_64-pc-linux-gnu/:/usr/local/gcc/7.2.0/lib/gcc/x86_64-pc-linux-gnu/7.2.0/:/usr/local/gcc/7.2.0/lib/gcc/x86_64-pc-linux-gnu/]
  ignore line: [LIBRARY_PATH=/usr/local/gcc/7.2.0/lib64/../lib64/:/usr/local/gcc/7.2.0/lib/../lib64/:/usr/local/gcc/7.2.0/lib/gcc/x86_64-pc-linux-gnu/7.2.0/:/usr/local/gcc/7.2.0/lib/gcc/x86_64-pc-linux-gnu/7.2.0/../../../../lib64/:/lib/../lib64/:/usr/lib/../lib64/:/usr/local/gcc/7.2.0/lib64/:/usr/local/gcc/7.2.0/lib/:/usr/local/gcc/7.2.0/lib/gcc/x86_64-pc-linux-gnu/7.2.0/../../../:/lib/:/usr/lib/]
  ignore line: [Reading specs from /usr/local/gcc/7.2.0/lib64/../lib64/libgomp.spec]
  ignore line: [COLLECT_GCC_OPTIONS='-fopenmp' '-v' '-o' 'cmTC_67eb7' '-v' '-mtune=generic' '-march=x86-64' '-pthread']
  link line: [ /usr/local/gcc/7.2.0/libexec/gcc/x86_64-pc-linux-gnu/7.2.0/collect2 -plugin /usr/local/gcc/7.2.0/libexec/gcc/x86_64-pc-linux-gnu/7.2.0/liblto_plugin.so -plugin-opt=/usr/local/gcc/7.2.0/libexec/gcc/x86_64-pc-linux-gnu/7.2.0/lto-wrapper -plugin-opt=-fresolution=/tmp/ccppzyPw.res -plugin-opt=-pass-through=-lgcc -plugin-opt=-pass-through=-lgcc_s -plugin-opt=-pass-through=-lpthread -plugin-opt=-pass-through=-lc -plugin-opt=-pass-through=-lgcc -plugin-opt=-pass-through=-lgcc_s --eh-frame-hdr -m elf_x86_64 -dynamic-linker /lib64/ld-linux-x86-64.so.2 -o cmTC_67eb7 /lib/../lib64/crt1.o /lib/../lib64/crti.o /usr/local/gcc/7.2.0/lib/gcc/x86_64-pc-linux-gnu/7.2.0/crtbegin.o -L/usr/local/gcc/7.2.0/lib64/../lib64 -L/usr/local/gcc/7.2.0/lib/../lib64 -L/usr/local/gcc/7.2.0/lib/gcc/x86_64-pc-linux-gnu/7.2.0 -L/usr/local/gcc/7.2.0/lib/gcc/x86_64-pc-linux-gnu/7.2.0/../../../../lib64 -L/lib/../lib64 -L/usr/lib/../lib64 -L/usr/local/gcc/7.2.0/lib64 -L/usr/local/gcc/7.2.0/lib -L/usr/local/gcc/7.2.0/lib/gcc/x86_64-pc-linux-gnu/7.2.0/../../.. CMakeFiles/cmTC_67eb7.dir/OpenMPTryFlag.c.o -lgomp -lgcc --as-needed -lgcc_s --no-as-needed -lpthread -lc -lgcc --as-needed -lgcc_s --no-as-needed /usr/local/gcc/7.2.0/lib/gcc/x86_64-pc-linux-gnu/7.2.0/crtend.o /lib/../lib64/crtn.o]
    arg [/usr/local/gcc/7.2.0/libexec/gcc/x86_64-pc-linux-gnu/7.2.0/collect2] ==> ignore
    arg [-plugin] ==> ignore
    arg [/usr/local/gcc/7.2.0/libexec/gcc/x86_64-pc-linux-gnu/7.2.0/liblto_plugin.so] ==> ignore
    arg [-plugin-opt=/usr/local/gcc/7.2.0/libexec/gcc/x86_64-pc-linux-gnu/7.2.0/lto-wrapper] ==> ignore
    arg [-plugin-opt=-fresolution=/tmp/ccppzyPw.res] ==> ignore
    arg [-plugin-opt=-pass-through=-lgcc] ==> ignore
    arg [-plugin-opt=-pass-through=-lgcc_s] ==> ignore
    arg [-plugin-opt=-pass-through=-lpthread] ==> ignore
    arg [-plugin-opt=-pass-through=-lc] ==> ignore
    arg [-plugin-opt=-pass-through=-lgcc] ==> ignore
    arg [-plugin-opt=-pass-through=-lgcc_s] ==> ignore
    arg [--eh-frame-hdr] ==> ignore
    arg [-m] ==> ignore
    arg [elf_x86_64] ==> ignore
    arg [-dynamic-linker] ==> ignore
    arg [/lib64/ld-linux-x86-64.so.2] ==> ignore
    arg [-o] ==> ignore
    arg [cmTC_67eb7] ==> ignore
    arg [/lib/../lib64/crt1.o] ==> ignore
    arg [/lib/../lib64/crti.o] ==> ignore
    arg [/usr/local/gcc/7.2.0/lib/gcc/x86_64-pc-linux-gnu/7.2.0/crtbegin.o] ==> ignore
    arg [-L/usr/local/gcc/7.2.0/lib64/../lib64] ==> dir [/usr/local/gcc/7.2.0/lib64/../lib64]
    arg [-L/usr/local/gcc/7.2.0/lib/../lib64] ==> dir [/usr/local/gcc/7.2.0/lib/../lib64]
    arg [-L/usr/local/gcc/7.2.0/lib/gcc/x86_64-pc-linux-gnu/7.2.0] ==> dir [/usr/local/gcc/7.2.0/lib/gcc/x86_64-pc-linux-gnu/7.2.0]
    arg [-L/usr/local/gcc/7.2.0/lib/gcc/x86_64-pc-linux-gnu/7.2.0/../../../../lib64] ==> dir [/usr/local/gcc/7.2.0/lib/gcc/x86_64-pc-linux-gnu/7.2.0/../../../../lib64]
    arg [-L/lib/../lib64] ==> dir [/lib/../lib64]
    arg [-L/usr/lib/../lib64] ==> dir [/usr/lib/../lib64]
    arg [-L/usr/local/gcc/7.2.0/lib64] ==> dir [/usr/local/gcc/7.2.0/lib64]
    arg [-L/usr/local/gcc/7.2.0/lib] ==> dir [/usr/local/gcc/7.2.0/lib]
    arg [-L/usr/local/gcc/7.2.0/lib/gcc/x86_64-pc-linux-gnu/7.2.0/../../..] ==> dir [/usr/local/gcc/7.2.0/lib/gcc/x86_64-pc-linux-gnu/7.2.0/../../..]
    arg [CMakeFiles/cmTC_67eb7.dir/OpenMPTryFlag.c.o] ==> ignore
    arg [-lgomp] ==> lib [gomp]
    arg [-lgcc] ==> lib [gcc]
    arg [--as-needed] ==> ignore
    arg [-lgcc_s] ==> lib [gcc_s]
    arg [--no-as-needed] ==> ignore
    arg [-lpthread] ==> lib [pthread]
    arg [-lc] ==> lib [c]
    arg [-lgcc] ==> lib [gcc]
    arg [--as-needed] ==> ignore
    arg [-lgcc_s] ==> lib [gcc_s]
    arg [--no-as-needed] ==> ignore
    arg [/usr/local/gcc/7.2.0/lib/gcc/x86_64-pc-linux-gnu/7.2.0/crtend.o] ==> ignore
    arg [/lib/../lib64/crtn.o] ==> ignore
  collapse library dir [/usr/local/gcc/7.2.0/lib64/../lib64] ==> [/usr/local/gcc/7.2.0/lib64]
  collapse library dir [/usr/local/gcc/7.2.0/lib/../lib64] ==> [/usr/local/gcc/7.2.0/lib64]
  collapse library dir [/usr/local/gcc/7.2.0/lib/gcc/x86_64-pc-linux-gnu/7.2.0] ==> [/usr/local/gcc/7.2.0/lib/gcc/x86_64-pc-linux-gnu/7.2.0]
  collapse library dir [/usr/local/gcc/7.2.0/lib/gcc/x86_64-pc-linux-gnu/7.2.0/../../../../lib64] ==> [/usr/local/gcc/7.2.0/lib64]
  collapse library dir [/lib/../lib64] ==> [/lib64]
  collapse library dir [/usr/lib/../lib64] ==> [/usr/lib64]
  collapse library dir [/usr/local/gcc/7.2.0/lib64] ==> [/usr/local/gcc/7.2.0/lib64]
  collapse library dir [/usr/local/gcc/7.2.0/lib] ==> [/usr/local/gcc/7.2.0/lib]
  collapse library dir [/usr/local/gcc/7.2.0/lib/gcc/x86_64-pc-linux-gnu/7.2.0/../../..] ==> [/usr/local/gcc/7.2.0/lib]
  implicit libs: [gomp;gcc;gcc_s;pthread;c;gcc;gcc_s]
  implicit dirs: [/usr/local/gcc/7.2.0/lib64;/usr/local/gcc/7.2.0/lib/gcc/x86_64-pc-linux-gnu/7.2.0;/lib64;/usr/lib64;/usr/local/gcc/7.2.0/lib]
  implicit fwks: []


Detecting CXX OpenMP compiler ABI info compiled with the following output:
Change Dir: /home/jiaweid3/sortproject/CMakeFiles/CMakeTmp

Run Build Command(s):/usr/bin/gmake cmTC_06ae2/fast && /usr/bin/gmake  -f CMakeFiles/cmTC_06ae2.dir/build.make CMakeFiles/cmTC_06ae2.dir/build
gmake[1]: Entering directory `/home/jiaweid3/sortproject/CMakeFiles/CMakeTmp'
Building CXX object CMakeFiles/cmTC_06ae2.dir/OpenMPTryFlag.cpp.o
/usr/local/gcc/7.2.0/bin/c++   -O3 -fopenmp -v -o CMakeFiles/cmTC_06ae2.dir/OpenMPTryFlag.cpp.o -c /home/jiaweid3/sortproject/CMakeFiles/FindOpenMP/OpenMPTryFlag.cpp
Using built-in specs.
COLLECT_GCC=/usr/local/gcc/7.2.0/bin/c++
Target: x86_64-pc-linux-gnu
Configured with: ../gcc-7.2.0/configure --with-gmp=/usr/local/gmp/6.1.0 --with-mpfr=/usr/local/mpfr/3.1.4 --with-mpc=/usr/local/mpc/1.0.3 --with-cloog=/usr/local/cloog/ --with-isl=/usr/local/isl/0.16.1 --enable-cloog-backend=isl --prefix=/usr/local/gcc/7.2.0
Thread model: posix
gcc version 7.2.0 (GCC) 
COLLECT_GCC_OPTIONS='-O3' '-fopenmp' '-v' '-o' 'CMakeFiles/cmTC_06ae2.dir/OpenMPTryFlag.cpp.o' '-c' '-shared-libgcc' '-mtune=generic' '-march=x86-64' '-pthread'
 /usr/local/gcc/7.2.0/libexec/gcc/x86_64-pc-linux-gnu/7.2.0/cc1plus -quiet -v -D_GNU_SOURCE -D_REENTRANT /home/jiaweid3/sortproject/CMakeFiles/FindOpenMP/OpenMPTryFlag.cpp -quiet -dumpbase OpenMPTryFlag.cpp -mtune=generic -march=x86-64 -auxbase-strip CMakeFiles/cmTC_06ae2.dir/OpenMPTryFlag.cpp.o -O3 -version -fopenmp -o /tmp/ccXCPcKH.s
GNU C++14 (GCC) version 7.2.0 (x86_64-pc-linux-gnu)
	compiled by GNU C version 7.2.0, GMP version 6.1.0, MPFR version 3.1.4, MPC version 1.0.3, isl version isl-0.16.1-GMP

GGC heuristics: --param ggc-min-expand=100 --param ggc-min-heapsize=131072
ignoring nonexistent directory "/usr/local/include"
ignoring nonexistent directory "/usr/local/gcc/7.2.0/lib/gcc/x86_64-pc-linux-gnu/7.2.0/../../../../x86_64-pc-linux-gnu/include"
ignoring duplicate directory "/usr/local/gcc/7.2.0/include"
  as it is a non-system directory that duplicates a system directory
#include "..." search starts here:
#include <...> search starts here:
 /usr/local/gcc/7.2.0/lib/gcc/x86_64-pc-linux-gnu/7.2.0/../../../../include/c++/7.2.0
 /usr/local/gcc/7.2.0/lib/gcc/x86_64-pc-linux-gnu/7.2.0/../../../../include/c++/7.2.0/x86_64-pc-linux-gnu
 /usr/local/gcc/7.2.0/lib/gcc/x86_64-pc-linux-gnu/7.2.0/../../../../include/c++/7.2.0/backward
 /usr/local/gcc/7.2.0/lib/gcc/x86_64-pc-linux-gnu/7.2.0/include
 /usr/local/gcc/7.2.0/include
 /usr/local/gcc/7.2.0/lib/gcc/x86_64-pc-linux-gnu/7.2.0/include-fixed
 /usr/include
End of search list.
GNU C++14 (GCC) version 7.2.0 (x86_64-pc-linux-gnu)
	compiled by GNU C version 7.2.0, GMP version 6.1.0, MPFR version 3.1.4, MPC version 1.0.3, isl version isl-0.16.1-GMP

GGC heuristics: --param ggc-min-expand=100 --param ggc-min-heapsize=131072
Compiler executable checksum: ef3a3481250748d8f801c613dc69dd89
COLLECT_GCC_OPTIONS='-O3' '-fopenmp' '-v' '-o' 'CMakeFiles/cmTC_06ae2.dir/OpenMPTryFlag.cpp.o' '-c' '-shared-libgcc' '-mtune=generic' '-march=x86-64' '-pthread'
 as -v --64 -o CMakeFiles/cmTC_06ae2.dir/OpenMPTryFlag.cpp.o /tmp/ccXCPcKH.s
GNU assembler version 2.27 (x86_64-redhat-linux) using BFD version version 2.27-43.base.el7
COMPILER_PATH=/usr/local/gcc/7.2.0/libexec/gcc/x86_64-pc-linux-gnu/7.2.0/:/usr/local/gcc/7.2.0/libexec/gcc/x86_64-pc-linux-gnu/7.2.0/:/usr/local/gcc/7.2.0/libexec/gcc/x86_64-pc-linux-gnu/:/usr/local/gcc/7.2.0/lib/gcc/x86_64-pc-linux-gnu/7.2.0/:/usr/local/gcc/7.2.0/lib/gcc/x86_64-pc-linux-gnu/
LIBRARY_PATH=/usr/local/gcc/7.2.0/lib64/../lib64/:/usr/local/gcc/7.2.0/lib/../lib64/:/usr/local/gcc/7.2.0/lib/gcc/x86_64-pc-linux-gnu/7.2.0/:/usr/local/gcc/7.2.0/lib/gcc/x86_64-pc-linux-gnu/7.2.0/../../../../lib64/:/lib/../lib64/:/usr/lib/../lib64/:/usr/local/gcc/7.2.0/lib64/:/usr/local/gcc/7.2.0/lib/:/usr/local/gcc/7.2.0/lib/gcc/x86_64-pc-linux-gnu/7.2.0/../../../:/lib/:/usr/lib/
COLLECT_GCC_OPTIONS='-O3' '-fopenmp' '-v' '-o' 'CMakeFiles/cmTC_06ae2.dir/OpenMPTryFlag.cpp.o' '-c' '-shared-libgcc' '-mtune=generic' '-march=x86-64' '-pthread'
Linking CXX executable cmTC_06ae2
/usr/local/cmake/3.18.4/bin/cmake -E cmake_link_script CMakeFiles/cmTC_06ae2.dir/link.txt --verbose=1
/usr/local/gcc/7.2.0/bin/c++ -O3 -fopenmp -v CMakeFiles/cmTC_06ae2.dir/OpenMPTryFlag.cpp.o -o cmTC_06ae2  -v 
Using built-in specs.
COLLECT_GCC=/usr/local/gcc/7.2.0/bin/c++
COLLECT_LTO_WRAPPER=/usr/local/gcc/7.2.0/libexec/gcc/x86_64-pc-linux-gnu/7.2.0/lto-wrapper
Target: x86_64-pc-linux-gnu
Configured with: ../gcc-7.2.0/configure --with-gmp=/usr/local/gmp/6.1.0 --with-mpfr=/usr/local/mpfr/3.1.4 --with-mpc=/usr/local/mpc/1.0.3 --with-cloog=/usr/local/cloog/ --with-isl=/usr/local/isl/0.16.1 --enable-cloog-backend=isl --prefix=/usr/local/gcc/7.2.0
Thread model: posix
gcc version 7.2.0 (GCC) 
COMPILER_PATH=/usr/local/gcc/7.2.0/libexec/gcc/x86_64-pc-linux-gnu/7.2.0/:/usr/local/gcc/7.2.0/libexec/gcc/x86_64-pc-linux-gnu/7.2.0/:/usr/local/gcc/7.2.0/libexec/gcc/x86_64-pc-linux-gnu/:/usr/local/gcc/7.2.0/lib/gcc/x86_64-pc-linux-gnu/7.2.0/:/usr/local/gcc/7.2.0/lib/gcc/x86_64-pc-linux-gnu/
LIBRARY_PATH=/usr/local/gcc/7.2.0/lib64/../lib64/:/usr/local/gcc/7.2.0/lib/../lib64/:/usr/local/gcc/7.2.0/lib/gcc/x86_64-pc-linux-gnu/7.2.0/:/usr/local/gcc/7.2.0/lib/gcc/x86_64-pc-linux-gnu/7.2.0/../../../../lib64/:/lib/../lib64/:/usr/lib/../lib64/:/usr/local/gcc/7.2.0/lib64/:/usr/local/gcc/7.2.0/lib/:/usr/local/gcc/7.2.0/lib/gcc/x86_64-pc-linux-gnu/7.2.0/../../../:/lib/:/usr/lib/
Reading specs from /usr/local/gcc/7.2.0/lib64/../lib64/libgomp.spec
COLLECT_GCC_OPTIONS='-O3' '-fopenmp' '-v' '-o' 'cmTC_06ae2' '-v' '-shared-libgcc' '-mtune=generic' '-march=x86-64' '-pthread'
 /usr/local/gcc/7.2.0/libexec/gcc/x86_64-pc-linux-gnu/7.2.0/collect2 -plugin /usr/local/gcc/7.2.0/libexec/gcc/x86_64-pc-linux-gnu/7.2.0/liblto_plugin.so -plugin-opt=/usr/local/gcc/7.2.0/libexec/gcc/x86_64-pc-linux-gnu/7.2.0/lto-wrapper -plugin-opt=-fresolution=/tmp/ccMG9dnN.res -plugin-opt=-pass-through=-lgcc_s -plugin-opt=-pass-through=-lgcc -plugin-opt=-pass-through=-lpthread -plugin-opt=-pass-through=-lc -plugin-opt=-pass-through=-lgcc_s -plugin-opt=-pass-through=-lgcc --eh-frame-hdr -m elf_x86_64 -dynamic-linker /lib64/ld-linux-x86-64.so.2 -o cmTC_06ae2 /lib/../lib64/crt1.o /lib/../lib64/crti.o /usr/local/gcc/7.2.0/lib/gcc/x86_64-pc-linux-gnu/7.2.0/crtbegin.o -L/usr/local/gcc/7.2.0/lib64/../lib64 -L/usr/local/gcc/7.2.0/lib/../lib64 -L/usr/local/gcc/7.2.0/lib/gcc/x86_64-pc-linux-gnu/7.2.0 -L/usr/local/gcc/7.2.0/lib/gcc/x86_64-pc-linux-gnu/7.2.0/../../../../lib64 -L/lib/../lib64 -L/usr/lib/../lib64 -L/usr/local/gcc/7.2.0/lib64 -L/usr/local/gcc/7.2.0/lib -L/usr/local/gcc/7.2.0/lib/gcc/x86_64-pc-linux-gnu/7.2.0/../../.. CMakeFiles/cmTC_06ae2.dir/OpenMPTryFlag.cpp.o -lstdc++ -lm -lgomp -lgcc_s -lgcc -lpthread -lc -lgcc_s -lgcc /usr/local/gcc/7.2.0/lib/gcc/x86_64-pc-linux-gnu/7.2.0/crtend.o /lib/../lib64/crtn.o
COLLECT_GCC_OPTIONS='-O3' '-fopenmp' '-v' '-o' 'cmTC_06ae2' '-v' '-shared-libgcc' '-mtune=generic' '-march=x86-64' '-pthread'
gmake[1]: Leaving directory `/home/jiaweid3/sortproject/CMakeFiles/CMakeTmp'



Parsed CXX OpenMP implicit link information from above output:
  link line regex: [^( *|.*[/\])(ld|CMAKE_LINK_STARTFILE-NOTFOUND|([^/\]+-)?ld|collect2)[^/\]*( |$)]
  ignore line: [Change Dir: /home/jiaweid3/sortproject/CMakeFiles/CMakeTmp]
  ignore line: []
  ignore line: [Run Build Command(s):/usr/bin/gmake cmTC_06ae2/fast && /usr/bin/gmake  -f CMakeFiles/cmTC_06ae2.dir/build.make CMakeFiles/cmTC_06ae2.dir/build]
  ignore line: [gmake[1]: Entering directory `/home/jiaweid3/sortproject/CMakeFiles/CMakeTmp']
  ignore line: [Building CXX object CMakeFiles/cmTC_06ae2.dir/OpenMPTryFlag.cpp.o]
  ignore line: [/usr/local/gcc/7.2.0/bin/c++   -O3 -fopenmp -v -o CMakeFiles/cmTC_06ae2.dir/OpenMPTryFlag.cpp.o -c /home/jiaweid3/sortproject/CMakeFiles/FindOpenMP/OpenMPTryFlag.cpp]
  ignore line: [Using built-in specs.]
  ignore line: [COLLECT_GCC=/usr/local/gcc/7.2.0/bin/c++]
  ignore line: [Target: x86_64-pc-linux-gnu]
  ignore line: [Configured with: ../gcc-7.2.0/configure --with-gmp=/usr/local/gmp/6.1.0 --with-mpfr=/usr/local/mpfr/3.1.4 --with-mpc=/usr/local/mpc/1.0.3 --with-cloog=/usr/local/cloog/ --with-isl=/usr/local/isl/0.16.1 --enable-cloog-backend=isl --prefix=/usr/local/gcc/7.2.0]
  ignore line: [Thread model: posix]
  ignore line: [gcc version 7.2.0 (GCC) ]
  ignore line: [COLLECT_GCC_OPTIONS='-O3' '-fopenmp' '-v' '-o' 'CMakeFiles/cmTC_06ae2.dir/OpenMPTryFlag.cpp.o' '-c' '-shared-libgcc' '-mtune=generic' '-march=x86-64' '-pthread']
  ignore line: [ /usr/local/gcc/7.2.0/libexec/gcc/x86_64-pc-linux-gnu/7.2.0/cc1plus -quiet -v -D_GNU_SOURCE -D_REENTRANT /home/jiaweid3/sortproject/CMakeFiles/FindOpenMP/OpenMPTryFlag.cpp -quiet -dumpbase OpenMPTryFlag.cpp -mtune=generic -march=x86-64 -auxbase-strip CMakeFiles/cmTC_06ae2.dir/OpenMPTryFlag.cpp.o -O3 -version -fopenmp -o /tmp/ccXCPcKH.s]
  ignore line: [GNU C++14 (GCC) version 7.2.0 (x86_64-pc-linux-gnu)]
  ignore line: [	compiled by GNU C version 7.2.0  GMP version 6.1.0  MPFR version 3.1.4  MPC version 1.0.3  isl version isl-0.16.1-GMP]
  ignore line: []
  ignore line: [GGC heuristics: --param ggc-min-expand=100 --param ggc-min-heapsize=131072]
  ignore line: [ignoring nonexistent directory "/usr/local/include"]
  ignore line: [ignoring nonexistent directory "/usr/local/gcc/7.2.0/lib/gcc/x86_64-pc-linux-gnu/7.2.0/../../../../x86_64-pc-linux-gnu/include"]
  ignore line: [ignoring duplicate directory "/usr/local/gcc/7.2.0/include"]
  ignore line: [  as it is a non-system directory that duplicates a system directory]
  ignore line: [#include "..." search starts here:]
  ignore line: [#include <...> search starts here:]
  ignore line: [ /usr/local/gcc/7.2.0/lib/gcc/x86_64-pc-linux-gnu/7.2.0/../../../../include/c++/7.2.0]
  ignore line: [ /usr/local/gcc/7.2.0/lib/gcc/x86_64-pc-linux-gnu/7.2.0/../../../../include/c++/7.2.0/x86_64-pc-linux-gnu]
  ignore line: [ /usr/local/gcc/7.2.0/lib/gcc/x86_64-pc-linux-gnu/7.2.0/../../../../include/c++/7.2.0/backward]
  ignore line: [ /usr/local/gcc/7.2.0/lib/gcc/x86_64-pc-linux-gnu/7.2.0/include]
  ignore line: [ /usr/local/gcc/7.2.0/include]
  ignore line: [ /usr/local/gcc/7.2.0/lib/gcc/x86_64-pc-linux-gnu/7.2.0/include-fixed]
  ignore line: [ /usr/include]
  ignore line: [End of search list.]
  ignore line: [GNU C++14 (GCC) version 7.2.0 (x86_64-pc-linux-gnu)]
  ignore line: [	compiled by GNU C version 7.2.0  GMP version 6.1.0  MPFR version 3.1.4  MPC version 1.0.3  isl version isl-0.16.1-GMP]
  ignore line: []
  ignore line: [GGC heuristics: --param ggc-min-expand=100 --param ggc-min-heapsize=131072]
  ignore line: [Compiler executable checksum: ef3a3481250748d8f801c613dc69dd89]
  ignore line: [COLLECT_GCC_OPTIONS='-O3' '-fopenmp' '-v' '-o' 'CMakeFiles/cmTC_06ae2.dir/OpenMPTryFlag.cpp.o' '-c' '-shared-libgcc' '-mtune=generic' '-march=x86-64' '-pthread']
  ignore line: [ as -v --64 -o CMakeFiles/cmTC_06ae2.dir/OpenMPTryFlag.cpp.o /tmp/ccXCPcKH.s]
  ignore line: [GNU assembler version 2.27 (x86_64-redhat-linux) using BFD version version 2.27-43.base.el7]
  ignore line: [COMPILER_PATH=/usr/local/gcc/7.2.0/libexec/gcc/x86_64-pc-linux-gnu/7.2.0/:/usr/local/gcc/7.2.0/libexec/gcc/x86_64-pc-linux-gnu/7.2.0/:/usr/local/gcc/7.2.0/libexec/gcc/x86_64-pc-linux-gnu/:/usr/local/gcc/7.2.0/lib/gcc/x86_64-pc-linux-gnu/7.2.0/:/usr/local/gcc/7.2.0/lib/gcc/x86_64-pc-linux-gnu/]
  ignore line: [LIBRARY_PATH=/usr/local/gcc/7.2.0/lib64/../lib64/:/usr/local/gcc/7.2.0/lib/../lib64/:/usr/local/gcc/7.2.0/lib/gcc/x86_64-pc-linux-gnu/7.2.0/:/usr/local/gcc/7.2.0/lib/gcc/x86_64-pc-linux-gnu/7.2.0/../../../../lib64/:/lib/../lib64/:/usr/lib/../lib64/:/usr/local/gcc/7.2.0/lib64/:/usr/local/gcc/7.2.0/lib/:/usr/local/gcc/7.2.0/lib/gcc/x86_64-pc-linux-gnu/7.2.0/../../../:/lib/:/usr/lib/]
  ignore line: [COLLECT_GCC_OPTIONS='-O3' '-fopenmp' '-v' '-o' 'CMakeFiles/cmTC_06ae2.dir/OpenMPTryFlag.cpp.o' '-c' '-shared-libgcc' '-mtune=generic' '-march=x86-64' '-pthread']
  ignore line: [Linking CXX executable cmTC_06ae2]
  ignore line: [/usr/local/cmake/3.18.4/bin/cmake -E cmake_link_script CMakeFiles/cmTC_06ae2.dir/link.txt --verbose=1]
  ignore line: [/usr/local/gcc/7.2.0/bin/c++ -O3 -fopenmp -v CMakeFiles/cmTC_06ae2.dir/OpenMPTryFlag.cpp.o -o cmTC_06ae2  -v ]
  ignore line: [Using built-in specs.]
  ignore line: [COLLECT_GCC=/usr/local/gcc/7.2.0/bin/c++]
  ignore line: [COLLECT_LTO_WRAPPER=/usr/local/gcc/7.2.0/libexec/gcc/x86_64-pc-linux-gnu/7.2.0/lto-wrapper]
  ignore line: [Target: x86_64-pc-linux-gnu]
  ignore line: [Configured with: ../gcc-7.2.0/configure --with-gmp=/usr/local/gmp/6.1.0 --with-mpfr=/usr/local/mpfr/3.1.4 --with-mpc=/usr/local/mpc/1.0.3 --with-cloog=/usr/local/cloog/ --with-isl=/usr/local/isl/0.16.1 --enable-cloog-backend=isl --prefix=/usr/local/gcc/7.2.0]
  ignore line: [Thread model: posix]
  ignore line: [gcc version 7.2.0 (GCC) ]
  ignore line: [COMPILER_PATH=/usr/local/gcc/7.2.0/libexec/gcc/x86_64-pc-linux-gnu/7.2.0/:/usr/local/gcc/7.2.0/libexec/gcc/x86_64-pc-linux-gnu/7.2.0/:/usr/local/gcc/7.2.0/libexec/gcc/x86_64-pc-linux-gnu/:/usr/local/gcc/7.2.0/lib/gcc/x86_64-pc-linux-gnu/7.2.0/:/usr/local/gcc/7.2.0/lib/gcc/x86_64-pc-linux-gnu/]
  ignore line: [LIBRARY_PATH=/usr/local/gcc/7.2.0/lib64/../lib64/:/usr/local/gcc/7.2.0/lib/../lib64/:/usr/local/gcc/7.2.0/lib/gcc/x86_64-pc-linux-gnu/7.2.0/:/usr/local/gcc/7.2.0/lib/gcc/x86_64-pc-linux-gnu/7.2.0/../../../../lib64/:/lib/../lib64/:/usr/lib/../lib64/:/usr/local/gcc/7.2.0/lib64/:/usr/local/gcc/7.2.0/lib/:/usr/local/gcc/7.2.0/lib/gcc/x86_64-pc-linux-gnu/7.2.0/../../../:/lib/:/usr/lib/]
  ignore line: [Reading specs from /usr/local/gcc/7.2.0/lib64/../lib64/libgomp.spec]
  ignore line: [COLLECT_GCC_OPTIONS='-O3' '-fopenmp' '-v' '-o' 'cmTC_06ae2' '-v' '-shared-libgcc' '-mtune=generic' '-march=x86-64' '-pthread']
  link line: [ /usr/local/gcc/7.2.0/libexec/gcc/x86_64-pc-linux-gnu/7.2.0/collect2 -plugin /usr/local/gcc/7.2.0/libexec/gcc/x86_64-pc-linux-gnu/7.2.0/liblto_plugin.so -plugin-opt=/usr/local/gcc/7.2.0/libexec/gcc/x86_64-pc-linux-gnu/7.2.0/lto-wrapper -plugin-opt=-fresolution=/tmp/ccMG9dnN.res -plugin-opt=-pass-through=-lgcc_s -plugin-opt=-pass-through=-lgcc -plugin-opt=-pass-through=-lpthread -plugin-opt=-pass-through=-lc -plugin-opt=-pass-through=-lgcc_s -plugin-opt=-pass-through=-lgcc --eh-frame-hdr -m elf_x86_64 -dynamic-linker /lib64/ld-linux-x86-64.so.2 -o cmTC_06ae2 /lib/../lib64/crt1.o /lib/../lib64/crti.o /usr/local/gcc/7.2.0/lib/gcc/x86_64-pc-linux-gnu/7.2.0/crtbegin.o -L/usr/local/gcc/7.2.0/lib64/../lib64 -L/usr/local/gcc/7.2.0/lib/../lib64 -L/usr/local/gcc/7.2.0/lib/gcc/x86_64-pc-linux-gnu/7.2.0 -L/usr/local/gcc/7.2.0/lib/gcc/x86_64-pc-linux-gnu/7.2.0/../../../../lib64 -L/lib/../lib64 -L/usr/lib/../lib64 -L/usr/local/gcc/7.2.0/lib64 -L/usr/local/gcc/7.2.0/lib -L/usr/local/gcc/7.2.0/lib/gcc/x86_64-pc-linux-gnu/7.2.0/../../.. CMakeFiles/cmTC_06ae2.dir/OpenMPTryFlag.cpp.o -lstdc++ -lm -lgomp -lgcc_s -lgcc -lpthread -lc -lgcc_s -lgcc /usr/local/gcc/7.2.0/lib/gcc/x86_64-pc-linux-gnu/7.2.0/crtend.o /lib/../lib64/crtn.o]
    arg [/usr/local/gcc/7.2.0/libexec/gcc/x86_64-pc-linux-gnu/7.2.0/collect2] ==> ignore
    arg [-plugin] ==> ignore
    arg [/usr/local/gcc/7.2.0/libexec/gcc/x86_64-pc-linux-gnu/7.2.0/liblto_plugin.so] ==> ignore
    arg [-plugin-opt=/usr/local/gcc/7.2.0/libexec/gcc/x86_64-pc-linux-gnu/7.2.0/lto-wrapper] ==> ignore
    arg [-plugin-opt=-fresolution=/tmp/ccMG9dnN.res] ==> ignore
    arg [-plugin-opt=-pass-through=-lgcc_s] ==> ignore
    arg [-plugin-opt=-pass-through=-lgcc] ==> ignore
    arg [-plugin-opt=-pass-through=-lpthread] ==> ignore
    arg [-plugin-opt=-pass-through=-lc] ==> ignore
    arg [-plugin-opt=-pass-through=-lgcc_s] ==> ignore
    arg [-plugin-opt=-pass-through=-lgcc] ==> ignore
    arg [--eh-frame-hdr] ==> ignore
    arg [-m] ==> ignore
    arg [elf_x86_64] ==> ignore
    arg [-dynamic-linker] ==> ignore
    arg [/lib64/ld-linux-x86-64.so.2] ==> ignore
    arg [-o] ==> ignore
    arg [cmTC_06ae2] ==> ignore
    arg [/lib/../lib64/crt1.o] ==> ignore
    arg [/lib/../lib64/crti.o] ==> ignore
    arg [/usr/local/gcc/7.2.0/lib/gcc/x86_64-pc-linux-gnu/7.2.0/crtbegin.o] ==> ignore
    arg [-L/usr/local/gcc/7.2.0/lib64/../lib64] ==> dir [/usr/local/gcc/7.2.0/lib64/../lib64]
    arg [-L/usr/local/gcc/7.2.0/lib/../lib64] ==> dir [/usr/local/gcc/7.2.0/lib/../lib64]
    arg [-L/usr/local/gcc/7.2.0/lib/gcc/x86_64-pc-linux-gnu/7.2.0] ==> dir [/usr/local/gcc/7.2.0/lib/gcc/x86_64-pc-linux-gnu/7.2.0]
    arg [-L/usr/local/gcc/7.2.0/lib/gcc/x86_64-pc-linux-gnu/7.2.0/../../../../lib64] ==> dir [/usr/local/gcc/7.2.0/lib/gcc/x86_64-pc-linux-gnu/7.2.0/../../../../lib64]
    arg [-L/lib/../lib64] ==> dir [/lib/../lib64]
    arg [-L/usr/lib/../lib64] ==> dir [/usr/lib/../lib64]
    arg [-L/usr/local/gcc/7.2.0/lib64] ==> dir [/usr/local/gcc/7.2.0/lib64]
    arg [-L/usr/local/gcc/7.2.0/lib] ==> dir [/usr/local/gcc/7.2.0/lib]
    arg [-L/usr/local/gcc/7.2.0/lib/gcc/x86_64-pc-linux-gnu/7.2.0/../../..] ==> dir [/usr/local/gcc/7.2.0/lib/gcc/x86_64-pc-linux-gnu/7.2.0/../../..]
    arg [CMakeFiles/cmTC_06ae2.dir/OpenMPTryFlag.cpp.o] ==> ignore
    arg [-lstdc++] ==> lib [stdc++]
    arg [-lm] ==> lib [m]
    arg [-lgomp] ==> lib [gomp]
    arg [-lgcc_s] ==> lib [gcc_s]
    arg [-lgcc] ==> lib [gcc]
    arg [-lpthread] ==> lib [pthread]
    arg [-lc] ==> lib [c]
    arg [-lgcc_s] ==> lib [gcc_s]
    arg [-lgcc] ==> lib [gcc]
    arg [/usr/local/gcc/7.2.0/lib/gcc/x86_64-pc-linux-gnu/7.2.0/crtend.o] ==> ignore
    arg [/lib/../lib64/crtn.o] ==> ignore
  collapse library dir [/usr/local/gcc/7.2.0/lib64/../lib64] ==> [/usr/local/gcc/7.2.0/lib64]
  collapse library dir [/usr/local/gcc/7.2.0/lib/../lib64] ==> [/usr/local/gcc/7.2.0/lib64]
  collapse library dir [/usr/local/gcc/7.2.0/lib/gcc/x86_64-pc-linux-gnu/7.2.0] ==> [/usr/local/gcc/7.2.0/lib/gcc/x86_64-pc-linux-gnu/7.2.0]
  collapse library dir [/usr/local/gcc/7.2.0/lib/gcc/x86_64-pc-linux-gnu/7.2.0/../../../../lib64] ==> [/usr/local/gcc/7.2.0/lib64]
  collapse library dir [/lib/../lib64] ==> [/lib64]
  collapse library dir [/usr/lib/../lib64] ==> [/usr/lib64]
  collapse library dir [/usr/local/gcc/7.2.0/lib64] ==> [/usr/local/gcc/7.2.0/lib64]
  collapse library dir [/usr/local/gcc/7.2.0/lib] ==> [/usr/local/gcc/7.2.0/lib]
  collapse library dir [/usr/local/gcc/7.2.0/lib/gcc/x86_64-pc-linux-gnu/7.2.0/../../..] ==> [/usr/local/gcc/7.2.0/lib]
  implicit libs: [stdc++;m;gomp;gcc_s;gcc;pthread;c;gcc_s;gcc]
  implicit dirs: [/usr/local/gcc/7.2.0/lib64;/usr/local/gcc/7.2.0/lib/gcc/x86_64-pc-linux-gnu/7.2.0;/lib64;/usr/lib64;/usr/local/gcc/7.2.0/lib]
  implicit fwks: []


